Assuming unrestricted shared filesystem usage.
None
host: sandb6-ThinkStation-P8
Building DAG of jobs...
Using shell: /usr/bin/bash
Provided cores: 28
Rules claiming more threads will be scaled down.
Job stats:
job                  count
-----------------  -------
all                      1
cluster_genomes          1
finalize_results         1
visualize_results        1
total                    4

Select jobs to execute...
Execute 1 jobs...
[Fri Jan 23 11:40:08 2026]
localrule cluster_genomes:
    input: /mnt/HDD12TB/pathogen_reruns/streptococcus_agalactiae/mashclust/2-distances/distances.txt
    output: /mnt/HDD12TB/pathogen_reruns/streptococcus_agalactiae/mashclust/3-cluster/representatives.txt, /mnt/HDD12TB/pathogen_reruns/streptococcus_agalactiae/mashclust/3-cluster/clustering_data.json
    log: /mnt/HDD12TB/pathogen_reruns/streptococcus_agalactiae/mashclust/logs/3-cluster.log
    jobid: 0
    reason: Forced execution
    resources: tmpdir=/tmp

[Fri Jan 23 11:41:33 2026]
Finished jobid: 0 (Rule: cluster_genomes)
1 of 4 steps (25%) done
Select jobs to execute...
Execute 2 jobs...
[Fri Jan 23 11:41:33 2026]
localrule visualize_results:
    input: /mnt/HDD12TB/pathogen_reruns/streptococcus_agalactiae/mashclust/3-cluster/clustering_data.json
    output: /mnt/HDD12TB/pathogen_reruns/streptococcus_agalactiae/mashclust/4-visualize/cluster_distribution.html
    log: /mnt/HDD12TB/pathogen_reruns/streptococcus_agalactiae/mashclust/logs/4-visualize.log
    jobid: 6
    reason: Input files updated by another job: /mnt/HDD12TB/pathogen_reruns/streptococcus_agalactiae/mashclust/3-cluster/clustering_data.json
    resources: tmpdir=/tmp

[Fri Jan 23 11:41:33 2026]
localrule finalize_results:
    input: /mnt/HDD12TB/pathogen_reruns/streptococcus_agalactiae/mashclust/1-sketch/non_targets.txt, /mnt/HDD12TB/pathogen_reruns/streptococcus_agalactiae/mashclust/3-cluster/representatives.txt
    output: /mnt/HDD12TB/pathogen_reruns/streptococcus_agalactiae/mashclust/results/selected_accessions.txt, /mnt/HDD12TB/pathogen_reruns/streptococcus_agalactiae/mashclust/results/genomes
    log: /mnt/HDD12TB/pathogen_reruns/streptococcus_agalactiae/mashclust/logs/5-finalize.log
    jobid: 5
    reason: Input files updated by another job: /mnt/HDD12TB/pathogen_reruns/streptococcus_agalactiae/mashclust/3-cluster/representatives.txt
    resources: tmpdir=/tmp

Terminating processes on user request, this might take some time.
RuleException:
CalledProcessError in file "/home/sandb6/scripts/MashClust/Snakefile", line 149:
Command 'set -euo pipefail;  
        python3 scripts/5-mashclust-finalize.py             --non-targets /mnt/HDD12TB/pathogen_reruns/streptococcus_agalactiae/mashclust/1-sketch/non_targets.txt             --representatives /mnt/HDD12TB/pathogen_reruns/streptococcus_agalactiae/mashclust/3-cluster/representatives.txt             --out-dir /mnt/HDD12TB/pathogen_reruns/streptococcus_agalactiae/mashclust/results             --genomes-subdir genomes             --acc-file /mnt/HDD12TB/pathogen_reruns/streptococcus_agalactiae/mashclust/results/selected_accessions.txt             --dataset-manager /home/sandb6/scripts/pipeline_1/resources/scripts/dataset-manager.py 2>&1 | tee /mnt/HDD12TB/pathogen_reruns/streptococcus_agalactiae/mashclust/logs/5-finalize.log' died with <Signals.SIGINT: 2>.
[Fri Jan 23 11:41:59 2026]
Error in rule finalize_results:
    message: None
    jobid: 5
    input: /mnt/HDD12TB/pathogen_reruns/streptococcus_agalactiae/mashclust/1-sketch/non_targets.txt, /mnt/HDD12TB/pathogen_reruns/streptococcus_agalactiae/mashclust/3-cluster/representatives.txt
    output: /mnt/HDD12TB/pathogen_reruns/streptococcus_agalactiae/mashclust/results/selected_accessions.txt, /mnt/HDD12TB/pathogen_reruns/streptococcus_agalactiae/mashclust/results/genomes
    log: /mnt/HDD12TB/pathogen_reruns/streptococcus_agalactiae/mashclust/logs/5-finalize.log (check log file(s) for error details)
    shell:
        
        python3 scripts/5-mashclust-finalize.py             --non-targets /mnt/HDD12TB/pathogen_reruns/streptococcus_agalactiae/mashclust/1-sketch/non_targets.txt             --representatives /mnt/HDD12TB/pathogen_reruns/streptococcus_agalactiae/mashclust/3-cluster/representatives.txt             --out-dir /mnt/HDD12TB/pathogen_reruns/streptococcus_agalactiae/mashclust/results             --genomes-subdir genomes             --acc-file /mnt/HDD12TB/pathogen_reruns/streptococcus_agalactiae/mashclust/results/selected_accessions.txt             --dataset-manager /home/sandb6/scripts/pipeline_1/resources/scripts/dataset-manager.py 2>&1 | tee /mnt/HDD12TB/pathogen_reruns/streptococcus_agalactiae/mashclust/logs/5-finalize.log
        
        (command exited with non-zero exit code)
RuleException:
CalledProcessError in file "/home/sandb6/scripts/MashClust/Snakefile", line 133:
Command 'set -euo pipefail;  
        python3 scripts/4-mashclust-visualize.py             /mnt/HDD12TB/pathogen_reruns/streptococcus_agalactiae/mashclust/3-cluster             -o /mnt/HDD12TB/pathogen_reruns/streptococcus_agalactiae/mashclust/4-visualize 2>&1 | tee /mnt/HDD12TB/pathogen_reruns/streptococcus_agalactiae/mashclust/logs/4-visualize.log' died with <Signals.SIGINT: 2>.
[Fri Jan 23 11:42:00 2026]
Error in rule visualize_results:
    message: None
    jobid: 6
    input: /mnt/HDD12TB/pathogen_reruns/streptococcus_agalactiae/mashclust/3-cluster/clustering_data.json
    output: /mnt/HDD12TB/pathogen_reruns/streptococcus_agalactiae/mashclust/4-visualize/cluster_distribution.html
    log: /mnt/HDD12TB/pathogen_reruns/streptococcus_agalactiae/mashclust/logs/4-visualize.log (check log file(s) for error details)
    shell:
        
        python3 scripts/4-mashclust-visualize.py             /mnt/HDD12TB/pathogen_reruns/streptococcus_agalactiae/mashclust/3-cluster             -o /mnt/HDD12TB/pathogen_reruns/streptococcus_agalactiae/mashclust/4-visualize 2>&1 | tee /mnt/HDD12TB/pathogen_reruns/streptococcus_agalactiae/mashclust/logs/4-visualize.log
        
        (command exited with non-zero exit code)
Complete log(s): /home/sandb6/scripts/MashClust/.snakemake/log/2026-01-23T114008.277537.snakemake.log
WorkflowError:
At least one job did not complete successfully.
