Assuming unrestricted shared filesystem usage.
None
host: sandb6-ThinkStation-P8
Building DAG of jobs...
Using shell: /usr/bin/bash
Provided cores: 28
Rules claiming more threads will be scaled down.
Job stats:
job                    count
-------------------  -------
all                        1
calculate_distances        1
cluster_genomes            1
finalize_results           1
visualize_results          1
total                      5

Select jobs to execute...
Execute 1 jobs...
[Mon Jan 26 10:22:35 2026]
localrule calculate_distances:
    input: /mnt/HDD12TB/pathogen_reruns/staphylococcus_aureus/mashclust/1-sketch/genomes_sketch.msh
    output: /mnt/HDD12TB/pathogen_reruns/staphylococcus_aureus/mashclust/2-distances/distances.txt
    log: /mnt/HDD12TB/pathogen_reruns/staphylococcus_aureus/mashclust/logs/2-distances.log
    jobid: 5
    reason: Forced execution
    threads: 28
    resources: tmpdir=/tmp

