Assuming unrestricted shared filesystem usage.
None
host: sandb6-ThinkStation-P8
Building DAG of jobs...
Using shell: /usr/bin/bash
Provided cores: 28
Rules claiming more threads will be scaled down.
Job stats:
job                  count
-----------------  -------
all                      1
finalize_results         1
visualize_results        1
total                    3

Select jobs to execute...
Execute 2 jobs...
[Thu Jan 15 10:41:24 2026]
localrule finalize_results:
    input: /mnt/HDD12TB/pathogen_reruns/staphylococcus_epidermidis/mashclust/1-sketch/non_targets.txt, /mnt/HDD12TB/pathogen_reruns/staphylococcus_epidermidis/mashclust/3-cluster/representatives.txt
    output: /mnt/HDD12TB/pathogen_reruns/staphylococcus_epidermidis/mashclust/results/selected_accessions.txt, /mnt/HDD12TB/pathogen_reruns/staphylococcus_epidermidis/mashclust/results/genomes
    log: logs/5-finalize.log
    jobid: 1
    reason: Missing output files: /mnt/HDD12TB/pathogen_reruns/staphylococcus_epidermidis/mashclust/results/selected_accessions.txt
    resources: tmpdir=/tmp

[Thu Jan 15 10:41:24 2026]
localrule visualize_results:
    input: /mnt/HDD12TB/pathogen_reruns/staphylococcus_epidermidis/mashclust/3-cluster/clustering_data.json
    output: /mnt/HDD12TB/pathogen_reruns/staphylococcus_epidermidis/mashclust/4-visualize/cluster_distribution.html
    log: logs/4-visualize.log
    jobid: 6
    reason: Missing output files: /mnt/HDD12TB/pathogen_reruns/staphylococcus_epidermidis/mashclust/4-visualize/cluster_distribution.html
    resources: tmpdir=/tmp

[Thu Jan 15 10:41:24 2026]
Finished jobid: 6 (Rule: visualize_results)
1 of 3 steps (33%) done
[Thu Jan 15 10:44:34 2026]
Finished jobid: 1 (Rule: finalize_results)
2 of 3 steps (67%) done
Select jobs to execute...
Execute 1 jobs...
[Thu Jan 15 10:44:34 2026]
localrule all:
    input: /mnt/HDD12TB/pathogen_reruns/staphylococcus_epidermidis/mashclust/results/selected_accessions.txt, /mnt/HDD12TB/pathogen_reruns/staphylococcus_epidermidis/mashclust/4-visualize/cluster_distribution.html
    jobid: 0
    reason: Input files updated by another job: /mnt/HDD12TB/pathogen_reruns/staphylococcus_epidermidis/mashclust/4-visualize/cluster_distribution.html, /mnt/HDD12TB/pathogen_reruns/staphylococcus_epidermidis/mashclust/results/selected_accessions.txt
    resources: tmpdir=/tmp

[Thu Jan 15 10:44:34 2026]
Finished jobid: 0 (Rule: all)
3 of 3 steps (100%) done
Complete log(s): /home/sandb6/scripts/MashClust/.snakemake/log/2026-01-15T104123.907963.snakemake.log
