Assuming unrestricted shared filesystem usage.
None
host: sandb6-ThinkStation-P8
Building DAG of jobs...
Using shell: /usr/bin/bash
Provided cores: 28
Rules claiming more threads will be scaled down.
Job stats:
job                  count
-----------------  -------
all                      1
visualize_results        1
total                    2

Select jobs to execute...
Execute 1 jobs...
[Mon Jan 19 12:45:57 2026]
localrule visualize_results:
    input: /mnt/HDD12TB/pathogen_reruns/stenotrophomonas_maltophila/mashclust/3-cluster/clustering_data.json
    output: /mnt/HDD12TB/pathogen_reruns/stenotrophomonas_maltophila/mashclust/4-visualize/cluster_distribution.html
    log: logs/4-visualize.log
    jobid: 0
    reason: Forced execution
    resources: tmpdir=/tmp

Terminating processes on user request, this might take some time.
RuleException:
CalledProcessError in file "/home/sandb6/scripts/MashClust/Snakefile", line 125:
Command 'set -euo pipefail;  
        python3 scripts/4-mashclust-visualize.py             /mnt/HDD12TB/pathogen_reruns/stenotrophomonas_maltophila/mashclust/3-cluster             -o /mnt/HDD12TB/pathogen_reruns/stenotrophomonas_maltophila/mashclust/4-visualize 2>&1 | tee logs/4-visualize.log' died with <Signals.SIGINT: 2>.
[Mon Jan 19 12:46:43 2026]
Error in rule visualize_results:
    message: None
    jobid: 0
    input: /mnt/HDD12TB/pathogen_reruns/stenotrophomonas_maltophila/mashclust/3-cluster/clustering_data.json
    output: /mnt/HDD12TB/pathogen_reruns/stenotrophomonas_maltophila/mashclust/4-visualize/cluster_distribution.html
    log: logs/4-visualize.log (check log file(s) for error details)
    shell:
        
        python3 scripts/4-mashclust-visualize.py             /mnt/HDD12TB/pathogen_reruns/stenotrophomonas_maltophila/mashclust/3-cluster             -o /mnt/HDD12TB/pathogen_reruns/stenotrophomonas_maltophila/mashclust/4-visualize 2>&1 | tee logs/4-visualize.log
        
        (command exited with non-zero exit code)
Complete log(s): /home/sandb6/scripts/MashClust/.snakemake/log/2026-01-19T124557.584464.snakemake.log
WorkflowError:
At least one job did not complete successfully.
