Assuming unrestricted shared filesystem usage.
None
host: sandb6-ThinkStation-P8
Building DAG of jobs...
Using shell: /usr/bin/bash
Provided cores: 28
Rules claiming more threads will be scaled down.
Job stats:
job                    count
-------------------  -------
all                        1
calculate_distances        1
cluster_genomes            1
finalize_results           1
sketch_and_filter          1
visualize_results          1
total                      6

Select jobs to execute...
Execute 1 jobs...
[Thu Jan 15 11:42:43 2026]
localrule sketch_and_filter:
    input: /mnt/HDD12TB/pathogen_reruns/staphylococcus_epidermidis/mashclust/0-download/genomes
    output: /mnt/HDD12TB/pathogen_reruns/staphylococcus_epidermidis/mashclust/1-sketch/genomes_sketch.msh, /mnt/HDD12TB/pathogen_reruns/staphylococcus_epidermidis/mashclust/1-sketch/targets.txt, /mnt/HDD12TB/pathogen_reruns/staphylococcus_epidermidis/mashclust/1-sketch/non_targets.txt
    log: logs/1-sketch.log
    jobid: 0
    reason: Forced execution
    threads: 28
    resources: tmpdir=/tmp

[Thu Jan 15 11:42:51 2026]
Finished jobid: 0 (Rule: sketch_and_filter)
1 of 6 steps (17%) done
Select jobs to execute...
Execute 1 jobs...
[Thu Jan 15 11:42:51 2026]
localrule calculate_distances:
    input: /mnt/HDD12TB/pathogen_reruns/staphylococcus_epidermidis/mashclust/1-sketch/genomes_sketch.msh
    output: /mnt/HDD12TB/pathogen_reruns/staphylococcus_epidermidis/mashclust/2-distances/distances.txt
    log: logs/2-distances.log
    jobid: 5
    reason: Input files updated by another job: /mnt/HDD12TB/pathogen_reruns/staphylococcus_epidermidis/mashclust/1-sketch/genomes_sketch.msh
    threads: 28
    resources: tmpdir=/tmp

[Thu Jan 15 11:43:37 2026]
Finished jobid: 5 (Rule: calculate_distances)
2 of 6 steps (33%) done
Select jobs to execute...
Execute 1 jobs...
[Thu Jan 15 11:43:37 2026]
localrule cluster_genomes:
    input: /mnt/HDD12TB/pathogen_reruns/staphylococcus_epidermidis/mashclust/2-distances/distances.txt
    output: /mnt/HDD12TB/pathogen_reruns/staphylococcus_epidermidis/mashclust/3-cluster/representatives.txt, /mnt/HDD12TB/pathogen_reruns/staphylococcus_epidermidis/mashclust/3-cluster/clustering_data.json
    log: logs/3-cluster.log
    jobid: 4
    reason: Input files updated by another job: /mnt/HDD12TB/pathogen_reruns/staphylococcus_epidermidis/mashclust/2-distances/distances.txt
    resources: tmpdir=/tmp

RuleException:
CalledProcessError in file "/home/sandb6/scripts/MashClust/Snakefile", line 108:
Command 'set -euo pipefail;  
        python3 scripts/3-mashclust-cluster.py             /mnt/HDD12TB/pathogen_reruns/staphylococcus_epidermidis/mashclust/2-distances             -o /mnt/HDD12TB/pathogen_reruns/staphylococcus_epidermidis/mashclust/3-cluster             -t 0.997             -n 3             --reference GCF_002087975_1 2>&1 | tee logs/3-cluster.log' returned non-zero exit status 1.
[Thu Jan 15 11:43:37 2026]
Error in rule cluster_genomes:
    message: None
    jobid: 4
    input: /mnt/HDD12TB/pathogen_reruns/staphylococcus_epidermidis/mashclust/2-distances/distances.txt
    output: /mnt/HDD12TB/pathogen_reruns/staphylococcus_epidermidis/mashclust/3-cluster/representatives.txt, /mnt/HDD12TB/pathogen_reruns/staphylococcus_epidermidis/mashclust/3-cluster/clustering_data.json
    log: logs/3-cluster.log (check log file(s) for error details)
    shell:
        
        python3 scripts/3-mashclust-cluster.py             /mnt/HDD12TB/pathogen_reruns/staphylococcus_epidermidis/mashclust/2-distances             -o /mnt/HDD12TB/pathogen_reruns/staphylococcus_epidermidis/mashclust/3-cluster             -t 0.997             -n 3             --reference GCF_002087975_1 2>&1 | tee logs/3-cluster.log
        
        (command exited with non-zero exit code)
Shutting down, this might take some time.
Exiting because a job execution failed. Look below for error messages
[Thu Jan 15 11:43:37 2026]
Error in rule cluster_genomes:
    message: None
    jobid: 4
    input: /mnt/HDD12TB/pathogen_reruns/staphylococcus_epidermidis/mashclust/2-distances/distances.txt
    output: /mnt/HDD12TB/pathogen_reruns/staphylococcus_epidermidis/mashclust/3-cluster/representatives.txt, /mnt/HDD12TB/pathogen_reruns/staphylococcus_epidermidis/mashclust/3-cluster/clustering_data.json
    log: logs/3-cluster.log (check log file(s) for error details)
    shell:
        
        python3 scripts/3-mashclust-cluster.py             /mnt/HDD12TB/pathogen_reruns/staphylococcus_epidermidis/mashclust/2-distances             -o /mnt/HDD12TB/pathogen_reruns/staphylococcus_epidermidis/mashclust/3-cluster             -t 0.997             -n 3             --reference GCF_002087975_1 2>&1 | tee logs/3-cluster.log
        
        (command exited with non-zero exit code)
Complete log(s): /home/sandb6/scripts/MashClust/.snakemake/log/2026-01-15T114243.455928.snakemake.log
WorkflowError:
At least one job did not complete successfully.
