Assuming unrestricted shared filesystem usage.
None
host: sandb6-ThinkStation-P8
Building DAG of jobs...
Using shell: /usr/bin/bash
Provided cores: 28
Rules claiming more threads will be scaled down.
Job stats:
job                  count
-----------------  -------
all                      1
visualize_results        1
total                    2

Select jobs to execute...
Execute 1 jobs...
[Mon Jan 19 13:30:34 2026]
localrule visualize_results:
    input: /mnt/HDD12TB/pathogen_reruns/stenotrophomonas_maltophila/mashclust/3-cluster/clustering_data.json
    output: /mnt/HDD12TB/pathogen_reruns/stenotrophomonas_maltophila/mashclust/4-visualize/cluster_distribution.html
    log: logs/4-visualize.log
    jobid: 0
    reason: Forced execution
    resources: tmpdir=/tmp

Waiting at most 5 seconds for missing files:
/mnt/HDD12TB/pathogen_reruns/stenotrophomonas_maltophila/mashclust/4-visualize/cluster_distribution.html (missing locally)
MissingOutputException in rule visualize_results in file "/home/sandb6/scripts/MashClust/Snakefile", line 117:
Job 0 completed successfully, but some output files are missing. Missing files after 5 seconds. This might be due to filesystem latency. If that is the case, consider to increase the wait time with --latency-wait:
/mnt/HDD12TB/pathogen_reruns/stenotrophomonas_maltophila/mashclust/4-visualize/cluster_distribution.html (missing locally, parent dir contents: representatives_dual_clustered_heatmap.html, representatives_tree.nwk, representatives_pcoa.html, representatives_clustered_heatmap.html, representatives_phylip.dist)
Shutting down, this might take some time.
Exiting because a job execution failed. Look below for error messages
[Mon Jan 19 13:30:40 2026]
Error in rule visualize_results:
    message: None
    jobid: 0
    input: /mnt/HDD12TB/pathogen_reruns/stenotrophomonas_maltophila/mashclust/3-cluster/clustering_data.json
    output: /mnt/HDD12TB/pathogen_reruns/stenotrophomonas_maltophila/mashclust/4-visualize/cluster_distribution.html
    log: logs/4-visualize.log (check log file(s) for error details)
    shell:
        
        python3 scripts/4-mashclust-visualize.py             /mnt/HDD12TB/pathogen_reruns/stenotrophomonas_maltophila/mashclust/3-cluster             -o /mnt/HDD12TB/pathogen_reruns/stenotrophomonas_maltophila/mashclust/4-visualize 2>&1 | tee logs/4-visualize.log
        
        (command exited with non-zero exit code)
Complete log(s): /home/sandb6/scripts/MashClust/.snakemake/log/2026-01-19T133033.973835.snakemake.log
WorkflowError:
At least one job did not complete successfully.
