Assuming unrestricted shared filesystem usage.
None
host: sandb6-ThinkStation-P8
Building DAG of jobs...
Using shell: /usr/bin/bash
Provided cores: 20
Rules claiming more threads will be scaled down.
Job stats:
job                    count
-------------------  -------
all                        1
calculate_distances        1
cluster_genomes            1
download_genomes           1
finalize_results           1
sketch_and_filter          1
visualize_results          1
total                      7

Select jobs to execute...
Execute 1 jobs...
[Wed Jan 14 11:31:03 2026]
localrule download_genomes:
    input: /mnt/HDD12TB/pathogen_reruns/staphylococcus_epidermidis/pipeline1/accessions.txt
    output: /mnt/HDD12TB/pathogen_reruns/staphylococcus_epidermidis/mashclust/0-download/genomes, /mnt/HDD12TB/pathogen_reruns/staphylococcus_epidermidis/mashclust/0-download/genome_list.txt
    jobid: 3
    reason: Missing output files: /mnt/HDD12TB/pathogen_reruns/staphylococcus_epidermidis/mashclust/0-download/genomes
    resources: tmpdir=/tmp

RuleException:
CalledProcessError in file "/home/sandb6/scripts/MashClust/Snakefile", line 41:
Command 'set -euo pipefail;  
        python scripts/0-mashclust-download.py             /mnt/HDD12TB/pathogen_reruns/staphylococcus_epidermidis/pipeline1/accessions.txt             -o /mnt/HDD12TB/pathogen_reruns/staphylococcus_epidermidis/mashclust/0-download' returned non-zero exit status 127.
[Wed Jan 14 11:31:03 2026]
Error in rule download_genomes:
    message: None
    jobid: 3
    input: /mnt/HDD12TB/pathogen_reruns/staphylococcus_epidermidis/pipeline1/accessions.txt
    output: /mnt/HDD12TB/pathogen_reruns/staphylococcus_epidermidis/mashclust/0-download/genomes, /mnt/HDD12TB/pathogen_reruns/staphylococcus_epidermidis/mashclust/0-download/genome_list.txt
    shell:
        
        python scripts/0-mashclust-download.py             /mnt/HDD12TB/pathogen_reruns/staphylococcus_epidermidis/pipeline1/accessions.txt             -o /mnt/HDD12TB/pathogen_reruns/staphylococcus_epidermidis/mashclust/0-download             
        
        (command exited with non-zero exit code)
Shutting down, this might take some time.
Exiting because a job execution failed. Look below for error messages
[Wed Jan 14 11:31:03 2026]
Error in rule download_genomes:
    message: None
    jobid: 3
    input: /mnt/HDD12TB/pathogen_reruns/staphylococcus_epidermidis/pipeline1/accessions.txt
    output: /mnt/HDD12TB/pathogen_reruns/staphylococcus_epidermidis/mashclust/0-download/genomes, /mnt/HDD12TB/pathogen_reruns/staphylococcus_epidermidis/mashclust/0-download/genome_list.txt
    shell:
        
        python scripts/0-mashclust-download.py             /mnt/HDD12TB/pathogen_reruns/staphylococcus_epidermidis/pipeline1/accessions.txt             -o /mnt/HDD12TB/pathogen_reruns/staphylococcus_epidermidis/mashclust/0-download             
        
        (command exited with non-zero exit code)
Complete log(s): /home/sandb6/scripts/MashClust/.snakemake/log/2026-01-14T113103.433598.snakemake.log
WorkflowError:
At least one job did not complete successfully.
