Assuming unrestricted shared filesystem usage.
None
host: sandb6-ThinkStation-P8
Building DAG of jobs...
Using shell: /usr/bin/bash
Provided cores: 20
Rules claiming more threads will be scaled down.
Job stats:
job                    count
-------------------  -------
all                        1
calculate_distances        1
cluster_genomes            1
download_genomes           1
finalize_results           1
sketch_and_filter          1
visualize_results          1
total                      7

Select jobs to execute...
Execute 1 jobs...
[Wed Jan 14 11:33:50 2026]
localrule download_genomes:
    input: /mnt/HDD12TB/pathogen_reruns/staphylococcus_epidermidis/pipeline1/accessions.txt
    output: /mnt/HDD12TB/pathogen_reruns/staphylococcus_epidermidis/mashclust/0-download/genomes, /mnt/HDD12TB/pathogen_reruns/staphylococcus_epidermidis/mashclust/0-download/genome_list.txt
    jobid: 3
    reason: Missing output files: /mnt/HDD12TB/pathogen_reruns/staphylococcus_epidermidis/mashclust/0-download/genomes
    resources: tmpdir=/tmp

[Wed Jan 14 11:46:12 2026]
Finished jobid: 3 (Rule: download_genomes)
1 of 7 steps (14%) done
Select jobs to execute...
Execute 1 jobs...
[Wed Jan 14 11:46:12 2026]
localrule sketch_and_filter:
    input: /mnt/HDD12TB/pathogen_reruns/staphylococcus_epidermidis/mashclust/0-download/genomes
    output: /mnt/HDD12TB/pathogen_reruns/staphylococcus_epidermidis/mashclust/1-sketch/genomes_sketch.msh, /mnt/HDD12TB/pathogen_reruns/staphylococcus_epidermidis/mashclust/1-sketch/targets.txt, /mnt/HDD12TB/pathogen_reruns/staphylococcus_epidermidis/mashclust/1-sketch/non_targets.txt
    jobid: 2
    reason: Missing output files: /mnt/HDD12TB/pathogen_reruns/staphylococcus_epidermidis/mashclust/1-sketch/genomes_sketch.msh, /mnt/HDD12TB/pathogen_reruns/staphylococcus_epidermidis/mashclust/1-sketch/non_targets.txt; Input files updated by another job: /mnt/HDD12TB/pathogen_reruns/staphylococcus_epidermidis/mashclust/0-download/genomes
    threads: 8
    resources: tmpdir=/tmp

RuleException:
CalledProcessError in file "/home/sandb6/scripts/MashClust/Snakefile", line 61:
Command 'set -euo pipefail;  
        python3 scripts/1-mashclust-sketch.py             /mnt/HDD12TB/pathogen_reruns/staphylococcus_epidermidis/mashclust/0-download/genomes             -o /mnt/HDD12TB/pathogen_reruns/staphylococcus_epidermidis/mashclust/1-sketch             -f "mycobacterium_tuberculosis"             -k 31             -s 100000             --threads 8' returned non-zero exit status 1.
[Wed Jan 14 11:46:13 2026]
Error in rule sketch_and_filter:
    message: None
    jobid: 2
    input: /mnt/HDD12TB/pathogen_reruns/staphylococcus_epidermidis/mashclust/0-download/genomes
    output: /mnt/HDD12TB/pathogen_reruns/staphylococcus_epidermidis/mashclust/1-sketch/genomes_sketch.msh, /mnt/HDD12TB/pathogen_reruns/staphylococcus_epidermidis/mashclust/1-sketch/targets.txt, /mnt/HDD12TB/pathogen_reruns/staphylococcus_epidermidis/mashclust/1-sketch/non_targets.txt
    shell:
        
        python3 scripts/1-mashclust-sketch.py             /mnt/HDD12TB/pathogen_reruns/staphylococcus_epidermidis/mashclust/0-download/genomes             -o /mnt/HDD12TB/pathogen_reruns/staphylococcus_epidermidis/mashclust/1-sketch             -f "mycobacterium_tuberculosis"             -k 31             -s 100000             --threads 8
        
        (command exited with non-zero exit code)
Removing output files of failed job sketch_and_filter since they might be corrupted:
/mnt/HDD12TB/pathogen_reruns/staphylococcus_epidermidis/mashclust/1-sketch/targets.txt, /mnt/HDD12TB/pathogen_reruns/staphylococcus_epidermidis/mashclust/1-sketch/non_targets.txt
Shutting down, this might take some time.
Exiting because a job execution failed. Look below for error messages
[Wed Jan 14 11:46:13 2026]
Error in rule sketch_and_filter:
    message: None
    jobid: 2
    input: /mnt/HDD12TB/pathogen_reruns/staphylococcus_epidermidis/mashclust/0-download/genomes
    output: /mnt/HDD12TB/pathogen_reruns/staphylococcus_epidermidis/mashclust/1-sketch/genomes_sketch.msh, /mnt/HDD12TB/pathogen_reruns/staphylococcus_epidermidis/mashclust/1-sketch/targets.txt, /mnt/HDD12TB/pathogen_reruns/staphylococcus_epidermidis/mashclust/1-sketch/non_targets.txt
    shell:
        
        python3 scripts/1-mashclust-sketch.py             /mnt/HDD12TB/pathogen_reruns/staphylococcus_epidermidis/mashclust/0-download/genomes             -o /mnt/HDD12TB/pathogen_reruns/staphylococcus_epidermidis/mashclust/1-sketch             -f "mycobacterium_tuberculosis"             -k 31             -s 100000             --threads 8
        
        (command exited with non-zero exit code)
Complete log(s): /home/sandb6/scripts/MashClust/.snakemake/log/2026-01-14T113350.832531.snakemake.log
WorkflowError:
At least one job did not complete successfully.
