Assuming unrestricted shared filesystem usage.
None
host: sandb6-ThinkStation-P8
Building DAG of jobs...
Using shell: /usr/bin/bash
Provided cores: 28
Rules claiming more threads will be scaled down.
Job stats:
job                 count
----------------  -------
all                     1
finalize_results        1
total                   2

Select jobs to execute...
Execute 1 jobs...
[Thu Jan 15 11:38:57 2026]
localrule finalize_results:
    input: /mnt/HDD12TB/pathogen_reruns/staphylococcus_epidermidis/mashclust/1-sketch/non_targets.txt, /mnt/HDD12TB/pathogen_reruns/staphylococcus_epidermidis/mashclust/3-cluster/representatives.txt
    output: /mnt/HDD12TB/pathogen_reruns/staphylococcus_epidermidis/mashclust/results/selected_accessions.txt, /mnt/HDD12TB/pathogen_reruns/staphylococcus_epidermidis/mashclust/results/genomes
    log: logs/5-finalize.log
    jobid: 1
    reason: Missing output files: /mnt/HDD12TB/pathogen_reruns/staphylococcus_epidermidis/mashclust/results/selected_accessions.txt
    resources: tmpdir=/tmp

Waiting at most 5 seconds for missing files:
/mnt/HDD12TB/pathogen_reruns/staphylococcus_epidermidis/mashclust/results/selected_accessions.txt (missing locally)
MissingOutputException in rule finalize_results in file "/home/sandb6/scripts/MashClust/Snakefile", line 131:
Job 1  completed successfully, but some output files are missing. Missing files after 5 seconds. This might be due to filesystem latency. If that is the case, consider to increase the wait time with --latency-wait:
/mnt/HDD12TB/pathogen_reruns/staphylococcus_epidermidis/mashclust/results/selected_accessions.txt (missing locally, parent dir contents: genomes)
Removing output files of failed job finalize_results since they might be corrupted:
/mnt/HDD12TB/pathogen_reruns/staphylococcus_epidermidis/mashclust/results/genomes
Shutting down, this might take some time.
Exiting because a job execution failed. Look below for error messages
[Thu Jan 15 11:39:03 2026]
Error in rule finalize_results:
    message: None
    jobid: 1
    input: /mnt/HDD12TB/pathogen_reruns/staphylococcus_epidermidis/mashclust/1-sketch/non_targets.txt, /mnt/HDD12TB/pathogen_reruns/staphylococcus_epidermidis/mashclust/3-cluster/representatives.txt
    output: /mnt/HDD12TB/pathogen_reruns/staphylococcus_epidermidis/mashclust/results/selected_accessions.txt, /mnt/HDD12TB/pathogen_reruns/staphylococcus_epidermidis/mashclust/results/genomes
    log: logs/5-finalize.log (check log file(s) for error details)
    shell:
        
        python3 scripts/5-mashclust-finalize.py             --non-targets /mnt/HDD12TB/pathogen_reruns/staphylococcus_epidermidis/mashclust/1-sketch/non_targets.txt             --representatives /mnt/HDD12TB/pathogen_reruns/staphylococcus_epidermidis/mashclust/3-cluster/representatives.txt             --out-dir /mnt/HDD12TB/pathogen_reruns/staphylococcus_epidermidis/mashclust/results             --genomes-subdir genomes             --acc-file /mnt/HDD12TB/pathogen_reruns/staphylococcus_epidermidis/mashclust/results/selected_accessions.txt 2>&1 | tee logs/5-finalize.log
        
        (command exited with non-zero exit code)
Complete log(s): /home/sandb6/scripts/MashClust/.snakemake/log/2026-01-15T113857.818871.snakemake.log
WorkflowError:
At least one job did not complete successfully.
