Assuming unrestricted shared filesystem usage.
None
host: sandb6-ThinkStation-P8
Building DAG of jobs...
Using shell: /usr/bin/bash
Provided cores: 4
Rules claiming more threads will be scaled down.
Job stats:
job                    count
-------------------  -------
all                        1
calculate_distances        1
cluster_genomes            1
finalize_results           1
sketch_and_filter          1
visualize_results          1
total                      6

Select jobs to execute...
Execute 1 jobs...
[Mon Feb  9 11:50:13 2026]
localrule sketch_and_filter:
    input: /mnt/HDD12TB/pathogen_reruns/stenotrophomonas_maltophila/mashclust/0-download/genomes
    output: /mnt/HDD12TB/pathogen_reruns/stenotrophomonas_maltophila/mashclust/1-sketch/genomes_sketch.msh, /mnt/HDD12TB/pathogen_reruns/stenotrophomonas_maltophila/mashclust/1-sketch/targets.txt, /mnt/HDD12TB/pathogen_reruns/stenotrophomonas_maltophila/mashclust/1-sketch/non_targets.txt
    log: /mnt/HDD12TB/pathogen_reruns/stenotrophomonas_maltophila/mashclust/logs/1-sketch.log
    jobid: 2
    reason: Forced execution
    threads: 4
    resources: tmpdir=/tmp

[Mon Feb  9 11:52:37 2026]
Finished jobid: 2 (Rule: sketch_and_filter)
1 of 6 steps (17%) done
Select jobs to execute...
Execute 1 jobs...
[Mon Feb  9 11:52:37 2026]
localrule calculate_distances:
    input: /mnt/HDD12TB/pathogen_reruns/stenotrophomonas_maltophila/mashclust/1-sketch/genomes_sketch.msh
    output: /mnt/HDD12TB/pathogen_reruns/stenotrophomonas_maltophila/mashclust/2-distances/distances.txt
    log: /mnt/HDD12TB/pathogen_reruns/stenotrophomonas_maltophila/mashclust/logs/2-distances.log
    jobid: 5
    reason: Missing output files: /mnt/HDD12TB/pathogen_reruns/stenotrophomonas_maltophila/mashclust/2-distances/distances.txt; Input files updated by another job: /mnt/HDD12TB/pathogen_reruns/stenotrophomonas_maltophila/mashclust/1-sketch/genomes_sketch.msh
    threads: 4
    resources: tmpdir=/tmp

[Mon Feb  9 12:13:08 2026]
Finished jobid: 5 (Rule: calculate_distances)
2 of 6 steps (33%) done
Select jobs to execute...
Execute 1 jobs...
[Mon Feb  9 12:13:08 2026]
localrule cluster_genomes:
    input: /mnt/HDD12TB/pathogen_reruns/stenotrophomonas_maltophila/mashclust/2-distances/distances.txt
    output: /mnt/HDD12TB/pathogen_reruns/stenotrophomonas_maltophila/mashclust/3-cluster/representatives.txt, /mnt/HDD12TB/pathogen_reruns/stenotrophomonas_maltophila/mashclust/3-cluster/clustering_data.json
    log: /mnt/HDD12TB/pathogen_reruns/stenotrophomonas_maltophila/mashclust/logs/3-cluster.log
    jobid: 4
    reason: Missing output files: /mnt/HDD12TB/pathogen_reruns/stenotrophomonas_maltophila/mashclust/3-cluster/representatives.txt, /mnt/HDD12TB/pathogen_reruns/stenotrophomonas_maltophila/mashclust/3-cluster/clustering_data.json; Input files updated by another job: /mnt/HDD12TB/pathogen_reruns/stenotrophomonas_maltophila/mashclust/2-distances/distances.txt
    resources: tmpdir=/tmp

[Mon Feb  9 12:13:08 2026]
Finished jobid: 4 (Rule: cluster_genomes)
3 of 6 steps (50%) done
Select jobs to execute...
Execute 2 jobs...
[Mon Feb  9 12:13:08 2026]
localrule visualize_results:
    input: /mnt/HDD12TB/pathogen_reruns/stenotrophomonas_maltophila/mashclust/3-cluster/clustering_data.json
    output: /mnt/HDD12TB/pathogen_reruns/stenotrophomonas_maltophila/mashclust/4-visualize/cluster_distribution.html
    log: /mnt/HDD12TB/pathogen_reruns/stenotrophomonas_maltophila/mashclust/logs/4-visualize.log
    jobid: 6
    reason: Missing output files: /mnt/HDD12TB/pathogen_reruns/stenotrophomonas_maltophila/mashclust/4-visualize/cluster_distribution.html; Input files updated by another job: /mnt/HDD12TB/pathogen_reruns/stenotrophomonas_maltophila/mashclust/3-cluster/clustering_data.json
    resources: tmpdir=/tmp

[Mon Feb  9 12:13:08 2026]
localrule finalize_results:
    input: /mnt/HDD12TB/pathogen_reruns/stenotrophomonas_maltophila/mashclust/1-sketch/non_targets.txt, /mnt/HDD12TB/pathogen_reruns/stenotrophomonas_maltophila/mashclust/3-cluster/representatives.txt
    output: /mnt/HDD12TB/pathogen_reruns/stenotrophomonas_maltophila/mashclust/results/selected_accessions.txt, /mnt/HDD12TB/pathogen_reruns/stenotrophomonas_maltophila/mashclust/results/genomes
    log: /mnt/HDD12TB/pathogen_reruns/stenotrophomonas_maltophila/mashclust/logs/5-finalize.log
    jobid: 1
    reason: Missing output files: /mnt/HDD12TB/pathogen_reruns/stenotrophomonas_maltophila/mashclust/results/selected_accessions.txt; Input files updated by another job: /mnt/HDD12TB/pathogen_reruns/stenotrophomonas_maltophila/mashclust/3-cluster/representatives.txt, /mnt/HDD12TB/pathogen_reruns/stenotrophomonas_maltophila/mashclust/1-sketch/non_targets.txt
    resources: tmpdir=/tmp

[Mon Feb  9 12:13:16 2026]
Finished jobid: 6 (Rule: visualize_results)
4 of 6 steps (67%) done
[Mon Feb  9 12:35:53 2026]
Finished jobid: 1 (Rule: finalize_results)
5 of 6 steps (83%) done
Select jobs to execute...
Execute 1 jobs...
[Mon Feb  9 12:35:53 2026]
localrule all:
    input: /mnt/HDD12TB/pathogen_reruns/stenotrophomonas_maltophila/mashclust/results/selected_accessions.txt, /mnt/HDD12TB/pathogen_reruns/stenotrophomonas_maltophila/mashclust/4-visualize/cluster_distribution.html
    jobid: 0
    reason: Input files updated by another job: /mnt/HDD12TB/pathogen_reruns/stenotrophomonas_maltophila/mashclust/4-visualize/cluster_distribution.html, /mnt/HDD12TB/pathogen_reruns/stenotrophomonas_maltophila/mashclust/results/selected_accessions.txt
    resources: tmpdir=/tmp

[Mon Feb  9 12:35:53 2026]
Finished jobid: 0 (Rule: all)
6 of 6 steps (100%) done
Complete log(s): /home/sandb6/scripts/MashClust/.snakemake/log/2026-02-09T115012.801990.snakemake.log
