Assuming unrestricted shared filesystem usage.
None
host: sandb6-ThinkStation-P8
Building DAG of jobs...
Using shell: /usr/bin/bash
Provided cores: 28
Rules claiming more threads will be scaled down.
Job stats:
job                    count
-------------------  -------
all                        1
calculate_distances        1
cluster_genomes            1
download_genomes           1
finalize_results           1
sketch_and_filter          1
visualize_results          1
total                      7

Select jobs to execute...
Execute 1 jobs...
[Thu Jan 15 09:56:26 2026]
localrule download_genomes:
    input: /mnt/HDD12TB/pathogen_reruns/staphylococcus_epidermidis/pipeline1/accessions.txt
    output: /mnt/HDD12TB/pathogen_reruns/staphylococcus_epidermidis/mashclust/0-download/genomes, /mnt/HDD12TB/pathogen_reruns/staphylococcus_epidermidis/mashclust/0-download/genome_list.txt
    log: logs/0-download.log
    jobid: 3
    reason: Missing output files: /mnt/HDD12TB/pathogen_reruns/staphylococcus_epidermidis/mashclust/0-download/genomes
    resources: tmpdir=/tmp

[Thu Jan 15 10:05:08 2026]
Finished jobid: 3 (Rule: download_genomes)
1 of 7 steps (14%) done
Select jobs to execute...
Execute 1 jobs...
[Thu Jan 15 10:05:08 2026]
localrule sketch_and_filter:
    input: /mnt/HDD12TB/pathogen_reruns/staphylococcus_epidermidis/mashclust/0-download/genomes
    output: /mnt/HDD12TB/pathogen_reruns/staphylococcus_epidermidis/mashclust/1-sketch/genomes_sketch.msh, /mnt/HDD12TB/pathogen_reruns/staphylococcus_epidermidis/mashclust/1-sketch/targets.txt, /mnt/HDD12TB/pathogen_reruns/staphylococcus_epidermidis/mashclust/1-sketch/non_targets.txt
    log: logs/1-sketch.log
    jobid: 2
    reason: Missing output files: /mnt/HDD12TB/pathogen_reruns/staphylococcus_epidermidis/mashclust/1-sketch/genomes_sketch.msh, /mnt/HDD12TB/pathogen_reruns/staphylococcus_epidermidis/mashclust/1-sketch/non_targets.txt; Input files updated by another job: /mnt/HDD12TB/pathogen_reruns/staphylococcus_epidermidis/mashclust/0-download/genomes
    threads: 28
    resources: tmpdir=/tmp

[Thu Jan 15 10:05:50 2026]
Finished jobid: 2 (Rule: sketch_and_filter)
2 of 7 steps (29%) done
Select jobs to execute...
Execute 1 jobs...
[Thu Jan 15 10:05:50 2026]
localrule calculate_distances:
    input: /mnt/HDD12TB/pathogen_reruns/staphylococcus_epidermidis/mashclust/1-sketch/genomes_sketch.msh
    output: /mnt/HDD12TB/pathogen_reruns/staphylococcus_epidermidis/mashclust/2-distances/distances.txt
    log: logs/2-distances.log
    jobid: 5
    reason: Missing output files: /mnt/HDD12TB/pathogen_reruns/staphylococcus_epidermidis/mashclust/2-distances/distances.txt; Input files updated by another job: /mnt/HDD12TB/pathogen_reruns/staphylococcus_epidermidis/mashclust/1-sketch/genomes_sketch.msh
    threads: 28
    resources: tmpdir=/tmp

[Thu Jan 15 10:29:30 2026]
Finished jobid: 5 (Rule: calculate_distances)
3 of 7 steps (43%) done
Select jobs to execute...
Execute 1 jobs...
[Thu Jan 15 10:29:30 2026]
localrule cluster_genomes:
    input: /mnt/HDD12TB/pathogen_reruns/staphylococcus_epidermidis/mashclust/2-distances/distances.txt
    output: /mnt/HDD12TB/pathogen_reruns/staphylococcus_epidermidis/mashclust/3-cluster/representatives.txt, /mnt/HDD12TB/pathogen_reruns/staphylococcus_epidermidis/mashclust/3-cluster/clustering_data.json
    log: logs/3-cluster.log
    jobid: 4
    reason: Missing output files: /mnt/HDD12TB/pathogen_reruns/staphylococcus_epidermidis/mashclust/3-cluster/clustering_data.json, /mnt/HDD12TB/pathogen_reruns/staphylococcus_epidermidis/mashclust/3-cluster/representatives.txt; Input files updated by another job: /mnt/HDD12TB/pathogen_reruns/staphylococcus_epidermidis/mashclust/2-distances/distances.txt
    resources: tmpdir=/tmp

[Thu Jan 15 10:29:33 2026]
Finished jobid: 4 (Rule: cluster_genomes)
4 of 7 steps (57%) done
Select jobs to execute...
Execute 2 jobs...
[Thu Jan 15 10:29:33 2026]
localrule finalize_results:
    input: /mnt/HDD12TB/pathogen_reruns/staphylococcus_epidermidis/mashclust/1-sketch/non_targets.txt, /mnt/HDD12TB/pathogen_reruns/staphylococcus_epidermidis/mashclust/3-cluster/representatives.txt
    output: /mnt/HDD12TB/pathogen_reruns/staphylococcus_epidermidis/mashclust/results/selected_accessions.txt, /mnt/HDD12TB/pathogen_reruns/staphylococcus_epidermidis/mashclust/results/genomes
    log: logs/5-finalize.log
    jobid: 1
    reason: Missing output files: /mnt/HDD12TB/pathogen_reruns/staphylococcus_epidermidis/mashclust/results/selected_accessions.txt; Input files updated by another job: /mnt/HDD12TB/pathogen_reruns/staphylococcus_epidermidis/mashclust/3-cluster/representatives.txt, /mnt/HDD12TB/pathogen_reruns/staphylococcus_epidermidis/mashclust/1-sketch/non_targets.txt
    resources: tmpdir=/tmp

[Thu Jan 15 10:29:33 2026]
localrule visualize_results:
    input: /mnt/HDD12TB/pathogen_reruns/staphylococcus_epidermidis/mashclust/3-cluster/clustering_data.json
    output: /mnt/HDD12TB/pathogen_reruns/staphylococcus_epidermidis/mashclust/4-visualize/cluster_distribution.html
    log: logs/4-visualize.log
    jobid: 6
    reason: Missing output files: /mnt/HDD12TB/pathogen_reruns/staphylococcus_epidermidis/mashclust/4-visualize/cluster_distribution.html; Input files updated by another job: /mnt/HDD12TB/pathogen_reruns/staphylococcus_epidermidis/mashclust/3-cluster/clustering_data.json
    resources: tmpdir=/tmp

RuleException:
CalledProcessError in file "/home/sandb6/scripts/MashClust/Snakefile", line 141:
Command 'set -euo pipefail;  
        python3 scripts/5-mashclust-finalize.py             --non-targets /mnt/HDD12TB/pathogen_reruns/staphylococcus_epidermidis/mashclust/1-sketch/non_targets.txt             --representatives /mnt/HDD12TB/pathogen_reruns/staphylococcus_epidermidis/mashclust/3-cluster/representatives.txt             --out-dir /mnt/HDD12TB/pathogen_reruns/staphylococcus_epidermidis/mashclust/results             --genomes-subdir genomes             --acc-file /mnt/HDD12TB/pathogen_reruns/staphylococcus_epidermidis/mashclust/results/selected_accessions.txt 2>&1 | tee logs/5-finalize.log' returned non-zero exit status 2.
[Thu Jan 15 10:29:33 2026]
Error in rule finalize_results:
    message: None
    jobid: 1
    input: /mnt/HDD12TB/pathogen_reruns/staphylococcus_epidermidis/mashclust/1-sketch/non_targets.txt, /mnt/HDD12TB/pathogen_reruns/staphylococcus_epidermidis/mashclust/3-cluster/representatives.txt
    output: /mnt/HDD12TB/pathogen_reruns/staphylococcus_epidermidis/mashclust/results/selected_accessions.txt, /mnt/HDD12TB/pathogen_reruns/staphylococcus_epidermidis/mashclust/results/genomes
    log: logs/5-finalize.log (check log file(s) for error details)
    shell:
        
        python3 scripts/5-mashclust-finalize.py             --non-targets /mnt/HDD12TB/pathogen_reruns/staphylococcus_epidermidis/mashclust/1-sketch/non_targets.txt             --representatives /mnt/HDD12TB/pathogen_reruns/staphylococcus_epidermidis/mashclust/3-cluster/representatives.txt             --out-dir /mnt/HDD12TB/pathogen_reruns/staphylococcus_epidermidis/mashclust/results             --genomes-subdir genomes             --acc-file /mnt/HDD12TB/pathogen_reruns/staphylococcus_epidermidis/mashclust/results/selected_accessions.txt 2>&1 | tee logs/5-finalize.log
        
        (command exited with non-zero exit code)
[Thu Jan 15 10:29:34 2026]
Finished jobid: 6 (Rule: visualize_results)
5 of 7 steps (71%) done
Shutting down, this might take some time.
Exiting because a job execution failed. Look below for error messages
[Thu Jan 15 10:29:34 2026]
Error in rule finalize_results:
    message: None
    jobid: 1
    input: /mnt/HDD12TB/pathogen_reruns/staphylococcus_epidermidis/mashclust/1-sketch/non_targets.txt, /mnt/HDD12TB/pathogen_reruns/staphylococcus_epidermidis/mashclust/3-cluster/representatives.txt
    output: /mnt/HDD12TB/pathogen_reruns/staphylococcus_epidermidis/mashclust/results/selected_accessions.txt, /mnt/HDD12TB/pathogen_reruns/staphylococcus_epidermidis/mashclust/results/genomes
    log: logs/5-finalize.log (check log file(s) for error details)
    shell:
        
        python3 scripts/5-mashclust-finalize.py             --non-targets /mnt/HDD12TB/pathogen_reruns/staphylococcus_epidermidis/mashclust/1-sketch/non_targets.txt             --representatives /mnt/HDD12TB/pathogen_reruns/staphylococcus_epidermidis/mashclust/3-cluster/representatives.txt             --out-dir /mnt/HDD12TB/pathogen_reruns/staphylococcus_epidermidis/mashclust/results             --genomes-subdir genomes             --acc-file /mnt/HDD12TB/pathogen_reruns/staphylococcus_epidermidis/mashclust/results/selected_accessions.txt 2>&1 | tee logs/5-finalize.log
        
        (command exited with non-zero exit code)
Complete log(s): /home/sandb6/scripts/MashClust/.snakemake/log/2026-01-15T095626.464634.snakemake.log
WorkflowError:
At least one job did not complete successfully.
