Assuming unrestricted shared filesystem usage.
None
host: sandb6-ThinkStation-P8
Building DAG of jobs...
Using shell: /usr/bin/bash
Provided cores: 8
Rules claiming more threads will be scaled down.
Job stats:
job                    count
-------------------  -------
all                        1
calculate_distances        1
cluster_genomes            1
finalize_results           1
visualize_results          1
total                      5

Select jobs to execute...
Execute 1 jobs...
[Tue Feb 24 09:33:54 2026]
localrule calculate_distances:
    input: /mnt/HDD12TB/pathogen_reruns/pseudomonas_aeruginosa/marge/1-sketch/genomes_sketch.msh
    output: /mnt/HDD12TB/pathogen_reruns/pseudomonas_aeruginosa/marge/2-distances/distances.txt
    log: /mnt/HDD12TB/pathogen_reruns/pseudomonas_aeruginosa/marge/logs/2-distances.log
    jobid: 5
    reason: Missing output files: /mnt/HDD12TB/pathogen_reruns/pseudomonas_aeruginosa/marge/2-distances/distances.txt
    threads: 8
    resources: tmpdir=/tmp

