Assuming unrestricted shared filesystem usage.
None
host: sandb6-ThinkStation-P8
Building DAG of jobs...
Using shell: /usr/bin/bash
Provided cores: 28
Rules claiming more threads will be scaled down.
Job stats:
job                    count
-------------------  -------
all                        1
calculate_distances        1
cluster_genomes            1
finalize_results           1
sketch_and_filter          1
visualize_results          1
total                      6

Select jobs to execute...
Execute 1 jobs...
[Thu Jan 15 11:40:26 2026]
localrule sketch_and_filter:
    input: /mnt/HDD12TB/pathogen_reruns/staphylococcus_epidermidis/mashclust/0-download/genomes
    output: /mnt/HDD12TB/pathogen_reruns/staphylococcus_epidermidis/mashclust/1-sketch/genomes_sketch.msh, /mnt/HDD12TB/pathogen_reruns/staphylococcus_epidermidis/mashclust/1-sketch/targets.txt, /mnt/HDD12TB/pathogen_reruns/staphylococcus_epidermidis/mashclust/1-sketch/non_targets.txt
    log: logs/1-sketch.log
    jobid: 2
    reason: Updated input files: /mnt/HDD12TB/pathogen_reruns/staphylococcus_epidermidis/mashclust/0-download/genomes
    threads: 28
    resources: tmpdir=/tmp

Terminating processes on user request, this might take some time.
RuleException:
CalledProcessError in file "/home/sandb6/scripts/MashClust/Snakefile", line 69:
Command 'set -euo pipefail;  
        python3 scripts/1-mashclust-sketch.py             /mnt/HDD12TB/pathogen_reruns/staphylococcus_epidermidis/mashclust/0-download/genomes             -o /mnt/HDD12TB/pathogen_reruns/staphylococcus_epidermidis/mashclust/1-sketch             -f "staphylococcus_epidermidis"             -k 31             -s 100000             --threads 28 2>&1 | tee logs/1-sketch.log' died with <Signals.SIGINT: 2>.
[Thu Jan 15 11:40:30 2026]
Error in rule sketch_and_filter:
    message: None
    jobid: 2
    input: /mnt/HDD12TB/pathogen_reruns/staphylococcus_epidermidis/mashclust/0-download/genomes
    output: /mnt/HDD12TB/pathogen_reruns/staphylococcus_epidermidis/mashclust/1-sketch/genomes_sketch.msh, /mnt/HDD12TB/pathogen_reruns/staphylococcus_epidermidis/mashclust/1-sketch/targets.txt, /mnt/HDD12TB/pathogen_reruns/staphylococcus_epidermidis/mashclust/1-sketch/non_targets.txt
    log: logs/1-sketch.log (check log file(s) for error details)
    shell:
        
        python3 scripts/1-mashclust-sketch.py             /mnt/HDD12TB/pathogen_reruns/staphylococcus_epidermidis/mashclust/0-download/genomes             -o /mnt/HDD12TB/pathogen_reruns/staphylococcus_epidermidis/mashclust/1-sketch             -f "staphylococcus_epidermidis"             -k 31             -s 100000             --threads 28 2>&1 | tee logs/1-sketch.log
        
        (command exited with non-zero exit code)
Complete log(s): /home/sandb6/scripts/MashClust/.snakemake/log/2026-01-15T114026.202580.snakemake.log
WorkflowError:
At least one job did not complete successfully.
