Assuming unrestricted shared filesystem usage.
None
host: sandb6-ThinkStation-P8
Building DAG of jobs...
Using shell: /usr/bin/bash
Provided cores: 20
Rules claiming more threads will be scaled down.
Job stats:
job                  count
-----------------  -------
all                      1
cluster_genomes          1
finalize_results         1
visualize_results        1
total                    4

Select jobs to execute...
Execute 1 jobs...
[Tue Feb 17 10:08:28 2026]
localrule cluster_genomes:
    input: /mnt/HDD12TB/pathogen_reruns/staphylococcus_haemolyticus/mashclust/2-distances/distances.txt
    output: /mnt/HDD12TB/pathogen_reruns/staphylococcus_haemolyticus/mashclust/3-cluster/representatives.txt, /mnt/HDD12TB/pathogen_reruns/staphylococcus_haemolyticus/mashclust/3-cluster/clustering_data.json
    log: /mnt/HDD12TB/pathogen_reruns/staphylococcus_haemolyticus/mashclust/logs/3-cluster.log
    jobid: 0
    reason: Forced execution
    resources: tmpdir=/tmp

RuleException:
CalledProcessError in file "/home/sandb6/scripts/MashClust/Snakefile", line 121:
Command 'set -euo pipefail;  
        python3 scripts/3-mashclust-cluster.py             /mnt/HDD12TB/pathogen_reruns/staphylococcus_haemolyticus/mashclust/2-distances/distances.txt             -o /mnt/HDD12TB/pathogen_reruns/staphylococcus_haemolyticus/mashclust/3-cluster/representatives.txt             -t 0.9997             -n 2             --reference GCF_900458595.1 2>&1 | tee /mnt/HDD12TB/pathogen_reruns/staphylococcus_haemolyticus/mashclust/logs/3-cluster.log' returned non-zero exit status 1.
[Tue Feb 17 10:08:28 2026]
Error in rule cluster_genomes:
    message: None
    jobid: 0
    input: /mnt/HDD12TB/pathogen_reruns/staphylococcus_haemolyticus/mashclust/2-distances/distances.txt
    output: /mnt/HDD12TB/pathogen_reruns/staphylococcus_haemolyticus/mashclust/3-cluster/representatives.txt, /mnt/HDD12TB/pathogen_reruns/staphylococcus_haemolyticus/mashclust/3-cluster/clustering_data.json
    log: /mnt/HDD12TB/pathogen_reruns/staphylococcus_haemolyticus/mashclust/logs/3-cluster.log (check log file(s) for error details)
    shell:
        
        python3 scripts/3-mashclust-cluster.py             /mnt/HDD12TB/pathogen_reruns/staphylococcus_haemolyticus/mashclust/2-distances/distances.txt             -o /mnt/HDD12TB/pathogen_reruns/staphylococcus_haemolyticus/mashclust/3-cluster/representatives.txt             -t 0.9997             -n 2             --reference GCF_900458595.1 2>&1 | tee /mnt/HDD12TB/pathogen_reruns/staphylococcus_haemolyticus/mashclust/logs/3-cluster.log
        
        (command exited with non-zero exit code)
Removing output files of failed job cluster_genomes since they might be corrupted:
/mnt/HDD12TB/pathogen_reruns/staphylococcus_haemolyticus/mashclust/3-cluster/representatives.txt
Shutting down, this might take some time.
Exiting because a job execution failed. Look below for error messages
[Tue Feb 17 10:08:28 2026]
Error in rule cluster_genomes:
    message: None
    jobid: 0
    input: /mnt/HDD12TB/pathogen_reruns/staphylococcus_haemolyticus/mashclust/2-distances/distances.txt
    output: /mnt/HDD12TB/pathogen_reruns/staphylococcus_haemolyticus/mashclust/3-cluster/representatives.txt, /mnt/HDD12TB/pathogen_reruns/staphylococcus_haemolyticus/mashclust/3-cluster/clustering_data.json
    log: /mnt/HDD12TB/pathogen_reruns/staphylococcus_haemolyticus/mashclust/logs/3-cluster.log (check log file(s) for error details)
    shell:
        
        python3 scripts/3-mashclust-cluster.py             /mnt/HDD12TB/pathogen_reruns/staphylococcus_haemolyticus/mashclust/2-distances/distances.txt             -o /mnt/HDD12TB/pathogen_reruns/staphylococcus_haemolyticus/mashclust/3-cluster/representatives.txt             -t 0.9997             -n 2             --reference GCF_900458595.1 2>&1 | tee /mnt/HDD12TB/pathogen_reruns/staphylococcus_haemolyticus/mashclust/logs/3-cluster.log
        
        (command exited with non-zero exit code)
Complete log(s): /home/sandb6/scripts/MashClust/.snakemake/log/2026-02-17T100828.325909.snakemake.log
WorkflowError:
At least one job did not complete successfully.
