Assuming unrestricted shared filesystem usage.
None
host: sandb6-ThinkStation-P8
Building DAG of jobs...
Using shell: /usr/bin/bash
Provided cores: 29
Rules claiming more threads will be scaled down.
Job stats:
job                    count
-------------------  -------
all                        1
calculate_distances        1
cluster_genomes            1
download_genomes           1
finalize_results           1
sketch_and_filter          1
visualize_results          1
total                      7

Select jobs to execute...
Execute 1 jobs...
[Mon Jan 26 11:14:30 2026]
localrule download_genomes:
    input: /mnt/HDD12TB/pathogen_reruns/staphylococcus_aureus/pipeline1/accessions.txt
    output: /mnt/HDD12TB/pathogen_reruns/staphylococcus_aureus/mashclust/0-download/genomes, /mnt/HDD12TB/pathogen_reruns/staphylococcus_aureus/mashclust/0-download/genome_list.txt
    log: /mnt/HDD12TB/pathogen_reruns/staphylococcus_aureus/mashclust/logs/0-download.log
    jobid: 3
    reason: Missing output files: /mnt/HDD12TB/pathogen_reruns/staphylococcus_aureus/mashclust/0-download/genomes
    resources: tmpdir=/tmp

[Mon Jan 26 15:50:56 2026]
Finished jobid: 3 (Rule: download_genomes)
1 of 7 steps (14%) done
Select jobs to execute...
Execute 1 jobs...
[Mon Jan 26 15:50:56 2026]
localrule sketch_and_filter:
    input: /mnt/HDD12TB/pathogen_reruns/staphylococcus_aureus/mashclust/0-download/genomes
    output: /mnt/HDD12TB/pathogen_reruns/staphylococcus_aureus/mashclust/1-sketch/genomes_sketch.msh, /mnt/HDD12TB/pathogen_reruns/staphylococcus_aureus/mashclust/1-sketch/targets.txt, /mnt/HDD12TB/pathogen_reruns/staphylococcus_aureus/mashclust/1-sketch/non_targets.txt
    log: /mnt/HDD12TB/pathogen_reruns/staphylococcus_aureus/mashclust/logs/1-sketch.log
    jobid: 2
    reason: Missing output files: /mnt/HDD12TB/pathogen_reruns/staphylococcus_aureus/mashclust/1-sketch/non_targets.txt, /mnt/HDD12TB/pathogen_reruns/staphylococcus_aureus/mashclust/1-sketch/genomes_sketch.msh; Input files updated by another job: /mnt/HDD12TB/pathogen_reruns/staphylococcus_aureus/mashclust/0-download/genomes
    threads: 28
    resources: tmpdir=/tmp

[Mon Jan 26 18:28:37 2026]
Finished jobid: 2 (Rule: sketch_and_filter)
2 of 7 steps (29%) done
Select jobs to execute...
Execute 1 jobs...
[Mon Jan 26 18:28:37 2026]
localrule calculate_distances:
    input: /mnt/HDD12TB/pathogen_reruns/staphylococcus_aureus/mashclust/1-sketch/genomes_sketch.msh
    output: /mnt/HDD12TB/pathogen_reruns/staphylococcus_aureus/mashclust/2-distances/distances.txt
    log: /mnt/HDD12TB/pathogen_reruns/staphylococcus_aureus/mashclust/logs/2-distances.log
    jobid: 5
    reason: Missing output files: /mnt/HDD12TB/pathogen_reruns/staphylococcus_aureus/mashclust/2-distances/distances.txt; Input files updated by another job: /mnt/HDD12TB/pathogen_reruns/staphylococcus_aureus/mashclust/1-sketch/genomes_sketch.msh
    threads: 28
    resources: tmpdir=/tmp

RuleException:
CalledProcessError in file "/home/sandb6/scripts/MashClust/Snakefile", line 96:
Command 'set -euo pipefail;  
        python3 scripts/2-mashclust-distances.py             /mnt/HDD12TB/pathogen_reruns/staphylococcus_aureus/mashclust/1-sketch             -o /mnt/HDD12TB/pathogen_reruns/staphylococcus_aureus/mashclust/2-distances             --threads 28 2>&1 | tee /mnt/HDD12TB/pathogen_reruns/staphylococcus_aureus/mashclust/logs/2-distances.log' returned non-zero exit status 1.
[Thu Jan 29 12:20:51 2026]
Error in rule calculate_distances:
    message: None
    jobid: 5
    input: /mnt/HDD12TB/pathogen_reruns/staphylococcus_aureus/mashclust/1-sketch/genomes_sketch.msh
    output: /mnt/HDD12TB/pathogen_reruns/staphylococcus_aureus/mashclust/2-distances/distances.txt
    log: /mnt/HDD12TB/pathogen_reruns/staphylococcus_aureus/mashclust/logs/2-distances.log (check log file(s) for error details)
    shell:
        
        python3 scripts/2-mashclust-distances.py             /mnt/HDD12TB/pathogen_reruns/staphylococcus_aureus/mashclust/1-sketch             -o /mnt/HDD12TB/pathogen_reruns/staphylococcus_aureus/mashclust/2-distances             --threads 28 2>&1 | tee /mnt/HDD12TB/pathogen_reruns/staphylococcus_aureus/mashclust/logs/2-distances.log
        
        (command exited with non-zero exit code)
Removing output files of failed job calculate_distances since they might be corrupted:
/mnt/HDD12TB/pathogen_reruns/staphylococcus_aureus/mashclust/2-distances/distances.txt
Shutting down, this might take some time.
Exiting because a job execution failed. Look below for error messages
[Thu Jan 29 12:21:23 2026]
Error in rule calculate_distances:
    message: None
    jobid: 5
    input: /mnt/HDD12TB/pathogen_reruns/staphylococcus_aureus/mashclust/1-sketch/genomes_sketch.msh
    output: /mnt/HDD12TB/pathogen_reruns/staphylococcus_aureus/mashclust/2-distances/distances.txt
    log: /mnt/HDD12TB/pathogen_reruns/staphylococcus_aureus/mashclust/logs/2-distances.log (check log file(s) for error details)
    shell:
        
        python3 scripts/2-mashclust-distances.py             /mnt/HDD12TB/pathogen_reruns/staphylococcus_aureus/mashclust/1-sketch             -o /mnt/HDD12TB/pathogen_reruns/staphylococcus_aureus/mashclust/2-distances             --threads 28 2>&1 | tee /mnt/HDD12TB/pathogen_reruns/staphylococcus_aureus/mashclust/logs/2-distances.log
        
        (command exited with non-zero exit code)
Complete log(s): /home/sandb6/scripts/MashClust/.snakemake/log/2026-01-26T111430.198000.snakemake.log
WorkflowError:
At least one job did not complete successfully.
