Assuming unrestricted shared filesystem usage.
None
host: sandb6-ThinkStation-P8
Building DAG of jobs...
Using shell: /usr/bin/bash
Provided cores: 10
Rules claiming more threads will be scaled down.
Job stats:
job                    count
-------------------  -------
all                        1
calculate_distances        1
cluster_genomes            1
download_genomes           1
finalize_results           1
sketch_and_filter          1
visualize_results          1
total                      7

Select jobs to execute...
Execute 1 jobs...
[Fri Feb 27 10:20:07 2026]
localrule download_genomes:
    input: /mnt/HDD12TB/pathogen_reruns/treponema_pallidum/pipeline1/accessions.txt
    output: /mnt/HDD12TB/pathogen_reruns/treponema_pallidum/marge/0-download/genomes, /mnt/HDD12TB/pathogen_reruns/treponema_pallidum/marge/0-download/genome_list.txt
    log: /mnt/HDD12TB/pathogen_reruns/treponema_pallidum/marge/logs/0-download.log
    jobid: 3
    reason: Missing output files: /mnt/HDD12TB/pathogen_reruns/treponema_pallidum/marge/0-download/genomes; Params have changed since last execution: Union of exclusive params before and now across all output: before: 30,1000 now: 50,20 
    resources: tmpdir=/tmp

Complete log(s): /home/sandb6/scripts/MashClust/.snakemake/log/2026-02-27T102007.086181.snakemake.log
