Assuming unrestricted shared filesystem usage.
None
host: sandb6-ThinkStation-P8
Building DAG of jobs...
Using shell: /usr/bin/bash
Provided cores: 4
Rules claiming more threads will be scaled down.
Job stats:
job                    count
-------------------  -------
all                        1
calculate_distances        1
cluster_genomes            1
finalize_results           1
visualize_results          1
total                      5

Select jobs to execute...
Execute 1 jobs...
[Wed Feb 11 09:52:56 2026]
localrule calculate_distances:
    input: /mnt/HDD12TB/pathogen_reruns/stenotrophomonas_maltophila/mashclust/1-sketch/genomes_sketch.msh
    output: /mnt/HDD12TB/pathogen_reruns/stenotrophomonas_maltophila/mashclust/2-distances/distances.txt
    log: /mnt/HDD12TB/pathogen_reruns/stenotrophomonas_maltophila/mashclust/logs/2-distances.log
    jobid: 5
    reason: Missing output files: /mnt/HDD12TB/pathogen_reruns/stenotrophomonas_maltophila/mashclust/2-distances/distances.txt
    threads: 4
    resources: tmpdir=/tmp

[Wed Feb 11 10:11:55 2026]
Finished jobid: 5 (Rule: calculate_distances)
1 of 5 steps (20%) done
Select jobs to execute...
Execute 1 jobs...
[Wed Feb 11 10:11:55 2026]
localrule cluster_genomes:
    input: /mnt/HDD12TB/pathogen_reruns/stenotrophomonas_maltophila/mashclust/2-distances/distances.txt
    output: /mnt/HDD12TB/pathogen_reruns/stenotrophomonas_maltophila/mashclust/3-cluster/representatives.txt, /mnt/HDD12TB/pathogen_reruns/stenotrophomonas_maltophila/mashclust/3-cluster/clustering_data.json
    log: /mnt/HDD12TB/pathogen_reruns/stenotrophomonas_maltophila/mashclust/logs/3-cluster.log
    jobid: 4
    reason: Missing output files: /mnt/HDD12TB/pathogen_reruns/stenotrophomonas_maltophila/mashclust/3-cluster/clustering_data.json, /mnt/HDD12TB/pathogen_reruns/stenotrophomonas_maltophila/mashclust/3-cluster/representatives.txt; Input files updated by another job: /mnt/HDD12TB/pathogen_reruns/stenotrophomonas_maltophila/mashclust/2-distances/distances.txt; Params have changed since last execution: Union of exclusive params before and now across all output: before: 0.9992 now: 0.9985 
    resources: tmpdir=/tmp

[Wed Feb 11 10:11:55 2026]
Finished jobid: 4 (Rule: cluster_genomes)
2 of 5 steps (40%) done
Select jobs to execute...
Execute 2 jobs...
[Wed Feb 11 10:11:55 2026]
localrule finalize_results:
    input: /mnt/HDD12TB/pathogen_reruns/stenotrophomonas_maltophila/mashclust/1-sketch/non_targets.txt, /mnt/HDD12TB/pathogen_reruns/stenotrophomonas_maltophila/mashclust/3-cluster/representatives.txt
    output: /mnt/HDD12TB/pathogen_reruns/stenotrophomonas_maltophila/mashclust/results/selected_accessions.txt, /mnt/HDD12TB/pathogen_reruns/stenotrophomonas_maltophila/mashclust/results/genomes
    log: /mnt/HDD12TB/pathogen_reruns/stenotrophomonas_maltophila/mashclust/logs/5-finalize.log
    jobid: 1
    reason: Missing output files: /mnt/HDD12TB/pathogen_reruns/stenotrophomonas_maltophila/mashclust/results/selected_accessions.txt; Input files updated by another job: /mnt/HDD12TB/pathogen_reruns/stenotrophomonas_maltophila/mashclust/3-cluster/representatives.txt
    resources: tmpdir=/tmp

[Wed Feb 11 10:11:55 2026]
localrule visualize_results:
    input: /mnt/HDD12TB/pathogen_reruns/stenotrophomonas_maltophila/mashclust/3-cluster/clustering_data.json
    output: /mnt/HDD12TB/pathogen_reruns/stenotrophomonas_maltophila/mashclust/4-visualize/cluster_distribution.html
    log: /mnt/HDD12TB/pathogen_reruns/stenotrophomonas_maltophila/mashclust/logs/4-visualize.log
    jobid: 6
    reason: Missing output files: /mnt/HDD12TB/pathogen_reruns/stenotrophomonas_maltophila/mashclust/4-visualize/cluster_distribution.html; Input files updated by another job: /mnt/HDD12TB/pathogen_reruns/stenotrophomonas_maltophila/mashclust/3-cluster/clustering_data.json
    resources: tmpdir=/tmp

[Wed Feb 11 10:12:09 2026]
Finished jobid: 6 (Rule: visualize_results)
3 of 5 steps (60%) done
[Wed Feb 11 10:43:21 2026]
Finished jobid: 1 (Rule: finalize_results)
4 of 5 steps (80%) done
Select jobs to execute...
Execute 1 jobs...
[Wed Feb 11 10:43:21 2026]
localrule all:
    input: /mnt/HDD12TB/pathogen_reruns/stenotrophomonas_maltophila/mashclust/results/selected_accessions.txt, /mnt/HDD12TB/pathogen_reruns/stenotrophomonas_maltophila/mashclust/4-visualize/cluster_distribution.html
    jobid: 0
    reason: Input files updated by another job: /mnt/HDD12TB/pathogen_reruns/stenotrophomonas_maltophila/mashclust/4-visualize/cluster_distribution.html, /mnt/HDD12TB/pathogen_reruns/stenotrophomonas_maltophila/mashclust/results/selected_accessions.txt
    resources: tmpdir=/tmp

[Wed Feb 11 10:43:21 2026]
Finished jobid: 0 (Rule: all)
5 of 5 steps (100%) done
Complete log(s): /home/sandb6/scripts/MashClust/.snakemake/log/2026-02-11T095256.401367.snakemake.log
