Assuming unrestricted shared filesystem usage.
None
host: sandb6-ThinkStation-P8
Building DAG of jobs...
Using shell: /usr/bin/bash
Provided cores: 28
Rules claiming more threads will be scaled down.
Job stats:
job                    count
-------------------  -------
all                        1
calculate_distances        1
cluster_genomes            1
finalize_results           1
sketch_and_filter          1
visualize_results          1
total                      6

Select jobs to execute...
Execute 1 jobs...
[Mon Jan 19 10:38:00 2026]
localrule sketch_and_filter:
    input: /mnt/HDD12TB/pathogen_reruns/stenotrophomonas_maltophila/mashclust/0-download/genomes
    output: /mnt/HDD12TB/pathogen_reruns/stenotrophomonas_maltophila/mashclust/1-sketch/genomes_sketch.msh, /mnt/HDD12TB/pathogen_reruns/stenotrophomonas_maltophila/mashclust/1-sketch/targets.txt, /mnt/HDD12TB/pathogen_reruns/stenotrophomonas_maltophila/mashclust/1-sketch/non_targets.txt
    log: logs/1-sketch.log
    jobid: 2
    reason: Missing output files: /mnt/HDD12TB/pathogen_reruns/stenotrophomonas_maltophila/mashclust/1-sketch/non_targets.txt, /mnt/HDD12TB/pathogen_reruns/stenotrophomonas_maltophila/mashclust/1-sketch/genomes_sketch.msh; Params have changed since last execution: Union of exclusive params before and now across all output: before: 'stenotrophomonas_maltophila' now: 'stenotrophomonas_maltophilia' 
    threads: 28
    resources: tmpdir=/tmp

[Mon Jan 19 10:38:25 2026]
Finished jobid: 2 (Rule: sketch_and_filter)
1 of 6 steps (17%) done
Select jobs to execute...
Execute 1 jobs...
[Mon Jan 19 10:38:25 2026]
localrule calculate_distances:
    input: /mnt/HDD12TB/pathogen_reruns/stenotrophomonas_maltophila/mashclust/1-sketch/genomes_sketch.msh
    output: /mnt/HDD12TB/pathogen_reruns/stenotrophomonas_maltophila/mashclust/2-distances/distances.txt
    log: logs/2-distances.log
    jobid: 5
    reason: Missing output files: /mnt/HDD12TB/pathogen_reruns/stenotrophomonas_maltophila/mashclust/2-distances/distances.txt; Input files updated by another job: /mnt/HDD12TB/pathogen_reruns/stenotrophomonas_maltophila/mashclust/1-sketch/genomes_sketch.msh
    threads: 28
    resources: tmpdir=/tmp

[Mon Jan 19 10:43:03 2026]
Finished jobid: 5 (Rule: calculate_distances)
2 of 6 steps (33%) done
Select jobs to execute...
Execute 1 jobs...
[Mon Jan 19 10:43:03 2026]
localrule cluster_genomes:
    input: /mnt/HDD12TB/pathogen_reruns/stenotrophomonas_maltophila/mashclust/2-distances/distances.txt
    output: /mnt/HDD12TB/pathogen_reruns/stenotrophomonas_maltophila/mashclust/3-cluster/representatives.txt, /mnt/HDD12TB/pathogen_reruns/stenotrophomonas_maltophila/mashclust/3-cluster/clustering_data.json
    log: logs/3-cluster.log
    jobid: 4
    reason: Missing output files: /mnt/HDD12TB/pathogen_reruns/stenotrophomonas_maltophila/mashclust/3-cluster/clustering_data.json, /mnt/HDD12TB/pathogen_reruns/stenotrophomonas_maltophila/mashclust/3-cluster/representatives.txt; Input files updated by another job: /mnt/HDD12TB/pathogen_reruns/stenotrophomonas_maltophila/mashclust/2-distances/distances.txt
    resources: tmpdir=/tmp

[Mon Jan 19 10:43:03 2026]
Finished jobid: 4 (Rule: cluster_genomes)
3 of 6 steps (50%) done
Select jobs to execute...
Execute 2 jobs...
[Mon Jan 19 10:43:03 2026]
localrule finalize_results:
    input: /mnt/HDD12TB/pathogen_reruns/stenotrophomonas_maltophila/mashclust/1-sketch/non_targets.txt, /mnt/HDD12TB/pathogen_reruns/stenotrophomonas_maltophila/mashclust/3-cluster/representatives.txt
    output: /mnt/HDD12TB/pathogen_reruns/stenotrophomonas_maltophila/mashclust/results/selected_accessions.txt, /mnt/HDD12TB/pathogen_reruns/stenotrophomonas_maltophila/mashclust/results/genomes
    log: logs/5-finalize.log
    jobid: 1
    reason: Missing output files: /mnt/HDD12TB/pathogen_reruns/stenotrophomonas_maltophila/mashclust/results/selected_accessions.txt; Input files updated by another job: /mnt/HDD12TB/pathogen_reruns/stenotrophomonas_maltophila/mashclust/1-sketch/non_targets.txt, /mnt/HDD12TB/pathogen_reruns/stenotrophomonas_maltophila/mashclust/3-cluster/representatives.txt
    resources: tmpdir=/tmp

[Mon Jan 19 10:43:03 2026]
localrule visualize_results:
    input: /mnt/HDD12TB/pathogen_reruns/stenotrophomonas_maltophila/mashclust/3-cluster/clustering_data.json
    output: /mnt/HDD12TB/pathogen_reruns/stenotrophomonas_maltophila/mashclust/4-visualize/cluster_distribution.html
    log: logs/4-visualize.log
    jobid: 6
    reason: Missing output files: /mnt/HDD12TB/pathogen_reruns/stenotrophomonas_maltophila/mashclust/4-visualize/cluster_distribution.html; Input files updated by another job: /mnt/HDD12TB/pathogen_reruns/stenotrophomonas_maltophila/mashclust/3-cluster/clustering_data.json
    resources: tmpdir=/tmp

[Mon Jan 19 10:43:05 2026]
Finished jobid: 6 (Rule: visualize_results)
4 of 6 steps (67%) done
Terminating processes on user request, this might take some time.
RuleException:
CalledProcessError in file "/home/sandb6/scripts/MashClust/Snakefile", line 141:
Command 'set -euo pipefail;  
        python3 scripts/5-mashclust-finalize.py             --non-targets /mnt/HDD12TB/pathogen_reruns/stenotrophomonas_maltophila/mashclust/1-sketch/non_targets.txt             --representatives /mnt/HDD12TB/pathogen_reruns/stenotrophomonas_maltophila/mashclust/3-cluster/representatives.txt             --out-dir /mnt/HDD12TB/pathogen_reruns/stenotrophomonas_maltophila/mashclust/results             --genomes-subdir genomes             --acc-file /mnt/HDD12TB/pathogen_reruns/stenotrophomonas_maltophila/mashclust/results/selected_accessions.txt             --dataset-manager /home/sandb6/scripts/pipeline_1/resources/scripts/dataset-manager.py 2>&1 | tee logs/5-finalize.log' died with <Signals.SIGINT: 2>.
[Mon Jan 19 10:43:41 2026]
Error in rule finalize_results:
    message: None
    jobid: 1
    input: /mnt/HDD12TB/pathogen_reruns/stenotrophomonas_maltophila/mashclust/1-sketch/non_targets.txt, /mnt/HDD12TB/pathogen_reruns/stenotrophomonas_maltophila/mashclust/3-cluster/representatives.txt
    output: /mnt/HDD12TB/pathogen_reruns/stenotrophomonas_maltophila/mashclust/results/selected_accessions.txt, /mnt/HDD12TB/pathogen_reruns/stenotrophomonas_maltophila/mashclust/results/genomes
    log: logs/5-finalize.log (check log file(s) for error details)
    shell:
        
        python3 scripts/5-mashclust-finalize.py             --non-targets /mnt/HDD12TB/pathogen_reruns/stenotrophomonas_maltophila/mashclust/1-sketch/non_targets.txt             --representatives /mnt/HDD12TB/pathogen_reruns/stenotrophomonas_maltophila/mashclust/3-cluster/representatives.txt             --out-dir /mnt/HDD12TB/pathogen_reruns/stenotrophomonas_maltophila/mashclust/results             --genomes-subdir genomes             --acc-file /mnt/HDD12TB/pathogen_reruns/stenotrophomonas_maltophila/mashclust/results/selected_accessions.txt             --dataset-manager /home/sandb6/scripts/pipeline_1/resources/scripts/dataset-manager.py 2>&1 | tee logs/5-finalize.log
        
        (command exited with non-zero exit code)
Complete log(s): /home/sandb6/scripts/MashClust/.snakemake/log/2026-01-19T103759.887564.snakemake.log
WorkflowError:
At least one job did not complete successfully.
