Assuming unrestricted shared filesystem usage.
None
host: sandb6-ThinkStation-P8
Building DAG of jobs...
Using shell: /usr/bin/bash
Provided cores: 4
Rules claiming more threads will be scaled down.
Job stats:
job                  count
-----------------  -------
all                      1
cluster_genomes          1
finalize_results         1
visualize_results        1
total                    4

Select jobs to execute...
Execute 1 jobs...
[Mon Feb  9 10:02:00 2026]
localrule cluster_genomes:
    input: /mnt/HDD12TB/pathogen_reruns/serratia_marcescens/mashclust/2-distances/distances.txt
    output: /mnt/HDD12TB/pathogen_reruns/serratia_marcescens/mashclust/3-cluster/representatives.txt, /mnt/HDD12TB/pathogen_reruns/serratia_marcescens/mashclust/3-cluster/clustering_data.json
    log: /mnt/HDD12TB/pathogen_reruns/serratia_marcescens/mashclust/logs/3-cluster.log
    jobid: 4
    reason: Forced execution
    resources: tmpdir=/tmp

[Mon Feb  9 10:02:03 2026]
Finished jobid: 4 (Rule: cluster_genomes)
1 of 4 steps (25%) done
Select jobs to execute...
Execute 2 jobs...
[Mon Feb  9 10:02:03 2026]
localrule finalize_results:
    input: /mnt/HDD12TB/pathogen_reruns/serratia_marcescens/mashclust/1-sketch/non_targets.txt, /mnt/HDD12TB/pathogen_reruns/serratia_marcescens/mashclust/3-cluster/representatives.txt
    output: /mnt/HDD12TB/pathogen_reruns/serratia_marcescens/mashclust/results/selected_accessions.txt, /mnt/HDD12TB/pathogen_reruns/serratia_marcescens/mashclust/results/genomes
    log: /mnt/HDD12TB/pathogen_reruns/serratia_marcescens/mashclust/logs/5-finalize.log
    jobid: 1
    reason: Missing output files: /mnt/HDD12TB/pathogen_reruns/serratia_marcescens/mashclust/results/selected_accessions.txt; Input files updated by another job: /mnt/HDD12TB/pathogen_reruns/serratia_marcescens/mashclust/3-cluster/representatives.txt
    resources: tmpdir=/tmp

Terminating processes on user request, this might take some time.
Complete log(s): /home/sandb6/scripts/MashClust/.snakemake/log/2026-02-09T100200.348684.snakemake.log
WorkflowError:
At least one job did not complete successfully.
