Assuming unrestricted shared filesystem usage.
None
host: sandb6-ThinkStation-P8
Building DAG of jobs...
Using shell: /usr/bin/bash
Provided cores: 25
Rules claiming more threads will be scaled down.
Job stats:
job                    count
-------------------  -------
all                        1
calculate_distances        1
cluster_genomes            1
download_genomes           1
finalize_results           1
sketch_and_filter          1
visualize_results          1
total                      7

Select jobs to execute...
Execute 1 jobs...
[Thu Feb 12 10:04:59 2026]
localrule download_genomes:
    input: /mnt/HDD12TB/pathogen_reruns/bacillus_anthracis_cereus/Pipeline1/accessions.txt
    output: /mnt/HDD12TB/pathogen_reruns/bacillus_anthracis_cereus/mashclust/0-download/genomes, /mnt/HDD12TB/pathogen_reruns/bacillus_anthracis_cereus/mashclust/0-download/genome_list.txt
    log: /mnt/HDD12TB/pathogen_reruns/bacillus_anthracis_cereus/mashclust/logs/0-download.log
    jobid: 3
    reason: Missing output files: /mnt/HDD12TB/pathogen_reruns/bacillus_anthracis_cereus/mashclust/0-download/genomes
    resources: tmpdir=/tmp

[Thu Feb 12 10:17:35 2026]
Finished jobid: 3 (Rule: download_genomes)
1 of 7 steps (14%) done
Select jobs to execute...
Execute 1 jobs...
[Thu Feb 12 10:17:35 2026]
localrule sketch_and_filter:
    input: /mnt/HDD12TB/pathogen_reruns/bacillus_anthracis_cereus/mashclust/0-download/genomes
    output: /mnt/HDD12TB/pathogen_reruns/bacillus_anthracis_cereus/mashclust/1-sketch/genomes_sketch.msh, /mnt/HDD12TB/pathogen_reruns/bacillus_anthracis_cereus/mashclust/1-sketch/targets.txt, /mnt/HDD12TB/pathogen_reruns/bacillus_anthracis_cereus/mashclust/1-sketch/non_targets.txt
    log: /mnt/HDD12TB/pathogen_reruns/bacillus_anthracis_cereus/mashclust/logs/1-sketch.log
    jobid: 2
    reason: Missing output files: /mnt/HDD12TB/pathogen_reruns/bacillus_anthracis_cereus/mashclust/1-sketch/non_targets.txt, /mnt/HDD12TB/pathogen_reruns/bacillus_anthracis_cereus/mashclust/1-sketch/genomes_sketch.msh; Input files updated by another job: /mnt/HDD12TB/pathogen_reruns/bacillus_anthracis_cereus/mashclust/0-download/genomes
    threads: 25
    resources: tmpdir=/tmp

[Thu Feb 12 10:18:22 2026]
Finished jobid: 2 (Rule: sketch_and_filter)
2 of 7 steps (29%) done
Select jobs to execute...
Execute 1 jobs...
[Thu Feb 12 10:18:22 2026]
localrule calculate_distances:
    input: /mnt/HDD12TB/pathogen_reruns/bacillus_anthracis_cereus/mashclust/1-sketch/genomes_sketch.msh
    output: /mnt/HDD12TB/pathogen_reruns/bacillus_anthracis_cereus/mashclust/2-distances/distances.txt
    log: /mnt/HDD12TB/pathogen_reruns/bacillus_anthracis_cereus/mashclust/logs/2-distances.log
    jobid: 5
    reason: Missing output files: /mnt/HDD12TB/pathogen_reruns/bacillus_anthracis_cereus/mashclust/2-distances/distances.txt; Input files updated by another job: /mnt/HDD12TB/pathogen_reruns/bacillus_anthracis_cereus/mashclust/1-sketch/genomes_sketch.msh
    threads: 25
    resources: tmpdir=/tmp

[Thu Feb 12 10:30:04 2026]
Finished jobid: 5 (Rule: calculate_distances)
3 of 7 steps (43%) done
Select jobs to execute...
Execute 1 jobs...
[Thu Feb 12 10:30:04 2026]
localrule cluster_genomes:
    input: /mnt/HDD12TB/pathogen_reruns/bacillus_anthracis_cereus/mashclust/2-distances/distances.txt
    output: /mnt/HDD12TB/pathogen_reruns/bacillus_anthracis_cereus/mashclust/3-cluster/representatives.txt, /mnt/HDD12TB/pathogen_reruns/bacillus_anthracis_cereus/mashclust/3-cluster/clustering_data.json
    log: /mnt/HDD12TB/pathogen_reruns/bacillus_anthracis_cereus/mashclust/logs/3-cluster.log
    jobid: 4
    reason: Missing output files: /mnt/HDD12TB/pathogen_reruns/bacillus_anthracis_cereus/mashclust/3-cluster/clustering_data.json, /mnt/HDD12TB/pathogen_reruns/bacillus_anthracis_cereus/mashclust/3-cluster/representatives.txt; Input files updated by another job: /mnt/HDD12TB/pathogen_reruns/bacillus_anthracis_cereus/mashclust/2-distances/distances.txt
    resources: tmpdir=/tmp

RuleException:
CalledProcessError in file "/home/sandb6/scripts/MashClust/Snakefile", line 121:
Command 'set -euo pipefail;  
        python3 scripts/3-mashclust-cluster.py             /mnt/HDD12TB/pathogen_reruns/bacillus_anthracis_cereus/mashclust/2-distances             -o /mnt/HDD12TB/pathogen_reruns/bacillus_anthracis_cereus/mashclust/3-cluster             -t 0.9998             -n 2             --reference ['GCF_022221345_1', 'GCF_006094295_1'] 2>&1 | tee /mnt/HDD12TB/pathogen_reruns/bacillus_anthracis_cereus/mashclust/logs/3-cluster.log' returned non-zero exit status 2.
[Thu Feb 12 10:30:04 2026]
Error in rule cluster_genomes:
    message: None
    jobid: 4
    input: /mnt/HDD12TB/pathogen_reruns/bacillus_anthracis_cereus/mashclust/2-distances/distances.txt
    output: /mnt/HDD12TB/pathogen_reruns/bacillus_anthracis_cereus/mashclust/3-cluster/representatives.txt, /mnt/HDD12TB/pathogen_reruns/bacillus_anthracis_cereus/mashclust/3-cluster/clustering_data.json
    log: /mnt/HDD12TB/pathogen_reruns/bacillus_anthracis_cereus/mashclust/logs/3-cluster.log (check log file(s) for error details)
    shell:
        
        python3 scripts/3-mashclust-cluster.py             /mnt/HDD12TB/pathogen_reruns/bacillus_anthracis_cereus/mashclust/2-distances             -o /mnt/HDD12TB/pathogen_reruns/bacillus_anthracis_cereus/mashclust/3-cluster             -t 0.9998             -n 2             --reference ['GCF_022221345_1', 'GCF_006094295_1'] 2>&1 | tee /mnt/HDD12TB/pathogen_reruns/bacillus_anthracis_cereus/mashclust/logs/3-cluster.log
        
        (command exited with non-zero exit code)
Shutting down, this might take some time.
Exiting because a job execution failed. Look below for error messages
[Thu Feb 12 10:30:04 2026]
Error in rule cluster_genomes:
    message: None
    jobid: 4
    input: /mnt/HDD12TB/pathogen_reruns/bacillus_anthracis_cereus/mashclust/2-distances/distances.txt
    output: /mnt/HDD12TB/pathogen_reruns/bacillus_anthracis_cereus/mashclust/3-cluster/representatives.txt, /mnt/HDD12TB/pathogen_reruns/bacillus_anthracis_cereus/mashclust/3-cluster/clustering_data.json
    log: /mnt/HDD12TB/pathogen_reruns/bacillus_anthracis_cereus/mashclust/logs/3-cluster.log (check log file(s) for error details)
    shell:
        
        python3 scripts/3-mashclust-cluster.py             /mnt/HDD12TB/pathogen_reruns/bacillus_anthracis_cereus/mashclust/2-distances             -o /mnt/HDD12TB/pathogen_reruns/bacillus_anthracis_cereus/mashclust/3-cluster             -t 0.9998             -n 2             --reference ['GCF_022221345_1', 'GCF_006094295_1'] 2>&1 | tee /mnt/HDD12TB/pathogen_reruns/bacillus_anthracis_cereus/mashclust/logs/3-cluster.log
        
        (command exited with non-zero exit code)
Complete log(s): /home/sandb6/scripts/MashClust/.snakemake/log/2026-02-12T100459.079864.snakemake.log
WorkflowError:
At least one job did not complete successfully.
