Assuming unrestricted shared filesystem usage.
None
host: sandb6-ThinkStation-P8
Building DAG of jobs...
Using shell: /usr/bin/bash
Provided cores: 4
Rules claiming more threads will be scaled down.
Job stats:
job                  count
-----------------  -------
all                      1
cluster_genomes          1
finalize_results         1
visualize_results        1
total                    4

Select jobs to execute...
Execute 1 jobs...
[Mon Feb  9 10:02:44 2026]
localrule cluster_genomes:
    input: /mnt/HDD12TB/pathogen_reruns/serratia_marcescens/mashclust/2-distances/distances.txt
    output: /mnt/HDD12TB/pathogen_reruns/serratia_marcescens/mashclust/3-cluster/representatives.txt, /mnt/HDD12TB/pathogen_reruns/serratia_marcescens/mashclust/3-cluster/clustering_data.json
    log: /mnt/HDD12TB/pathogen_reruns/serratia_marcescens/mashclust/logs/3-cluster.log
    jobid: 0
    reason: Forced execution
    resources: tmpdir=/tmp

[Mon Feb  9 10:02:46 2026]
Finished jobid: 0 (Rule: cluster_genomes)
1 of 4 steps (25%) done
Select jobs to execute...
Execute 2 jobs...
[Mon Feb  9 10:02:46 2026]
localrule finalize_results:
    input: /mnt/HDD12TB/pathogen_reruns/serratia_marcescens/mashclust/1-sketch/non_targets.txt, /mnt/HDD12TB/pathogen_reruns/serratia_marcescens/mashclust/3-cluster/representatives.txt
    output: /mnt/HDD12TB/pathogen_reruns/serratia_marcescens/mashclust/results/selected_accessions.txt, /mnt/HDD12TB/pathogen_reruns/serratia_marcescens/mashclust/results/genomes
    log: /mnt/HDD12TB/pathogen_reruns/serratia_marcescens/mashclust/logs/5-finalize.log
    jobid: 5
    reason: Missing output files: /mnt/HDD12TB/pathogen_reruns/serratia_marcescens/mashclust/results/selected_accessions.txt; Input files updated by another job: /mnt/HDD12TB/pathogen_reruns/serratia_marcescens/mashclust/3-cluster/representatives.txt
    resources: tmpdir=/tmp

[Mon Feb  9 10:02:54 2026]
localrule visualize_results:
    input: /mnt/HDD12TB/pathogen_reruns/serratia_marcescens/mashclust/3-cluster/clustering_data.json
    output: /mnt/HDD12TB/pathogen_reruns/serratia_marcescens/mashclust/4-visualize/cluster_distribution.html
    log: /mnt/HDD12TB/pathogen_reruns/serratia_marcescens/mashclust/logs/4-visualize.log
    jobid: 6
    reason: Input files updated by another job: /mnt/HDD12TB/pathogen_reruns/serratia_marcescens/mashclust/3-cluster/clustering_data.json
    resources: tmpdir=/tmp

[Mon Feb  9 10:03:06 2026]
Finished jobid: 6 (Rule: visualize_results)
2 of 4 steps (50%) done
[Mon Feb  9 10:12:05 2026]
Finished jobid: 5 (Rule: finalize_results)
3 of 4 steps (75%) done
Select jobs to execute...
Execute 1 jobs...
[Mon Feb  9 10:12:05 2026]
localrule all:
    input: /mnt/HDD12TB/pathogen_reruns/serratia_marcescens/mashclust/results/selected_accessions.txt, /mnt/HDD12TB/pathogen_reruns/serratia_marcescens/mashclust/4-visualize/cluster_distribution.html
    jobid: 4
    reason: Input files updated by another job: /mnt/HDD12TB/pathogen_reruns/serratia_marcescens/mashclust/4-visualize/cluster_distribution.html, /mnt/HDD12TB/pathogen_reruns/serratia_marcescens/mashclust/results/selected_accessions.txt
    resources: tmpdir=/tmp

[Mon Feb  9 10:12:05 2026]
Finished jobid: 4 (Rule: all)
4 of 4 steps (100%) done
Complete log(s): /home/sandb6/scripts/MashClust/.snakemake/log/2026-02-09T100243.972537.snakemake.log
