Assuming unrestricted shared filesystem usage.
None
host: sandb6-ThinkStation-P8
Building DAG of jobs...
Using shell: /usr/bin/bash
Provided cores: 30
Rules claiming more threads will be scaled down.
Job stats:
job                    count
-------------------  -------
all                        1
calculate_distances        1
cluster_genomes            1
finalize_results           1
visualize_results          1
total                      5

Select jobs to execute...
Execute 1 jobs...
[Thu Feb  5 10:06:33 2026]
localrule calculate_distances:
    input: /mnt/HDD12TB/pathogen_reruns/staphylococcus_aureus/mashclust/1-sketch/genomes_sketch.msh
    output: /mnt/HDD12TB/pathogen_reruns/staphylococcus_aureus/mashclust/2-distances/distances.txt
    log: /mnt/HDD12TB/pathogen_reruns/staphylococcus_aureus/mashclust/logs/2-distances.log
    jobid: 0
    reason: Forced execution
    threads: 28
    resources: tmpdir=/tmp

Terminating processes on user request, this might take some time.
RuleException:
CalledProcessError in file "/home/sandb6/scripts/MashClust/Snakefile", line 100:
Command 'set -euo pipefail;  
        python3 scripts/2-mashclust-distances.py             /mnt/HDD12TB/pathogen_reruns/staphylococcus_aureus/mashclust/1-sketch             -o /mnt/HDD12TB/pathogen_reruns/staphylococcus_aureus/mashclust/2-distances             --threads 28             --chunk-size 2000 2>&1 | tee /mnt/HDD12TB/pathogen_reruns/staphylococcus_aureus/mashclust/logs/2-distances.log' died with <Signals.SIGINT: 2>.
[Thu Feb  5 10:12:00 2026]
Error in rule calculate_distances:
    message: None
    jobid: 0
    input: /mnt/HDD12TB/pathogen_reruns/staphylococcus_aureus/mashclust/1-sketch/genomes_sketch.msh
    output: /mnt/HDD12TB/pathogen_reruns/staphylococcus_aureus/mashclust/2-distances/distances.txt
    log: /mnt/HDD12TB/pathogen_reruns/staphylococcus_aureus/mashclust/logs/2-distances.log (check log file(s) for error details)
    shell:
        
        python3 scripts/2-mashclust-distances.py             /mnt/HDD12TB/pathogen_reruns/staphylococcus_aureus/mashclust/1-sketch             -o /mnt/HDD12TB/pathogen_reruns/staphylococcus_aureus/mashclust/2-distances             --threads 28             --chunk-size 2000 2>&1 | tee /mnt/HDD12TB/pathogen_reruns/staphylococcus_aureus/mashclust/logs/2-distances.log
        
        (command exited with non-zero exit code)
Complete log(s): /home/sandb6/scripts/MashClust/.snakemake/log/2026-02-05T100633.553006.snakemake.log
WorkflowError:
At least one job did not complete successfully.
