Assuming unrestricted shared filesystem usage.
None
host: sandb6-ThinkStation-P8
Building DAG of jobs...
Using shell: /usr/bin/bash
Provided cores: 8
Rules claiming more threads will be scaled down.
Job stats:
job                    count
-------------------  -------
all                        1
calculate_distances        1
cluster_genomes            1
download_genomes           1
finalize_results           1
sketch_and_filter          1
visualize_results          1
total                      7

Select jobs to execute...
Execute 1 jobs...
[Wed Feb 25 11:10:15 2026]
localrule download_genomes:
    input: /mnt/HDD12TB/pathogen_reruns/stenotrophomonas_maltophila/pipeline1/accessions.txt
    output: /mnt/HDD12TB/pathogen_reruns/stenotrophomonas_maltophila/mashclust/0-download/genomes, /mnt/HDD12TB/pathogen_reruns/stenotrophomonas_maltophila/mashclust/0-download/genome_list.txt
    log: /mnt/HDD12TB/pathogen_reruns/stenotrophomonas_maltophila/mashclust/logs/0-download.log
    jobid: 3
    reason: Missing output files: /mnt/HDD12TB/pathogen_reruns/stenotrophomonas_maltophila/mashclust/0-download/genomes
    resources: tmpdir=/tmp

[Wed Feb 25 11:33:39 2026]
Finished jobid: 3 (Rule: download_genomes)
1 of 7 steps (14%) done
Select jobs to execute...
Execute 1 jobs...
[Wed Feb 25 11:33:39 2026]
localrule sketch_and_filter:
    input: /mnt/HDD12TB/pathogen_reruns/stenotrophomonas_maltophila/mashclust/0-download/genomes
    output: /mnt/HDD12TB/pathogen_reruns/stenotrophomonas_maltophila/mashclust/1-sketch/genomes_sketch.msh, /mnt/HDD12TB/pathogen_reruns/stenotrophomonas_maltophila/mashclust/1-sketch/targets.txt, /mnt/HDD12TB/pathogen_reruns/stenotrophomonas_maltophila/mashclust/1-sketch/non_targets.txt
    log: /mnt/HDD12TB/pathogen_reruns/stenotrophomonas_maltophila/mashclust/logs/1-sketch.log
    jobid: 2
    reason: Missing output files: /mnt/HDD12TB/pathogen_reruns/stenotrophomonas_maltophila/mashclust/1-sketch/non_targets.txt, /mnt/HDD12TB/pathogen_reruns/stenotrophomonas_maltophila/mashclust/1-sketch/genomes_sketch.msh; Input files updated by another job: /mnt/HDD12TB/pathogen_reruns/stenotrophomonas_maltophila/mashclust/0-download/genomes
    threads: 8
    resources: tmpdir=/tmp

[Wed Feb 25 11:34:01 2026]
Finished jobid: 2 (Rule: sketch_and_filter)
2 of 7 steps (29%) done
Select jobs to execute...
Execute 1 jobs...
[Wed Feb 25 11:34:01 2026]
localrule calculate_distances:
    input: /mnt/HDD12TB/pathogen_reruns/stenotrophomonas_maltophila/mashclust/1-sketch/genomes_sketch.msh
    output: /mnt/HDD12TB/pathogen_reruns/stenotrophomonas_maltophila/mashclust/2-distances/distances.txt
    log: /mnt/HDD12TB/pathogen_reruns/stenotrophomonas_maltophila/mashclust/logs/2-distances.log
    jobid: 5
    reason: Missing output files: /mnt/HDD12TB/pathogen_reruns/stenotrophomonas_maltophila/mashclust/2-distances/distances.txt; Input files updated by another job: /mnt/HDD12TB/pathogen_reruns/stenotrophomonas_maltophila/mashclust/1-sketch/genomes_sketch.msh
    threads: 8
    resources: tmpdir=/tmp

[Wed Feb 25 11:35:28 2026]
Finished jobid: 5 (Rule: calculate_distances)
3 of 7 steps (43%) done
Select jobs to execute...
Execute 1 jobs...
[Wed Feb 25 11:35:28 2026]
localrule cluster_genomes:
    input: /mnt/HDD12TB/pathogen_reruns/stenotrophomonas_maltophila/mashclust/2-distances/distances.txt
    output: /mnt/HDD12TB/pathogen_reruns/stenotrophomonas_maltophila/mashclust/3-cluster/representatives.txt, /mnt/HDD12TB/pathogen_reruns/stenotrophomonas_maltophila/mashclust/3-cluster/clustering_data.json
    log: /mnt/HDD12TB/pathogen_reruns/stenotrophomonas_maltophila/mashclust/logs/3-cluster.log
    jobid: 4
    reason: Missing output files: /mnt/HDD12TB/pathogen_reruns/stenotrophomonas_maltophila/mashclust/3-cluster/clustering_data.json, /mnt/HDD12TB/pathogen_reruns/stenotrophomonas_maltophila/mashclust/3-cluster/representatives.txt; Input files updated by another job: /mnt/HDD12TB/pathogen_reruns/stenotrophomonas_maltophila/mashclust/2-distances/distances.txt; Code has changed since last execution; Params have changed since last execution: Union of exclusive params before and now across all output: before: 0.9985,'--reference GCF_017298795_1' now: '--reference G C F _ 0 1 7 2 9 8 7 9 5 _ 1',0.9999 
    resources: tmpdir=/tmp

[Wed Feb 25 11:35:29 2026]
Finished jobid: 4 (Rule: cluster_genomes)
4 of 7 steps (57%) done
Select jobs to execute...
Execute 2 jobs...
[Wed Feb 25 11:35:29 2026]
localrule finalize_results:
    input: /mnt/HDD12TB/pathogen_reruns/stenotrophomonas_maltophila/mashclust/1-sketch/non_targets.txt, /mnt/HDD12TB/pathogen_reruns/stenotrophomonas_maltophila/mashclust/3-cluster/representatives.txt
    output: /mnt/HDD12TB/pathogen_reruns/stenotrophomonas_maltophila/mashclust/results/selected_accessions.txt, /mnt/HDD12TB/pathogen_reruns/stenotrophomonas_maltophila/mashclust/results/genomes
    log: /mnt/HDD12TB/pathogen_reruns/stenotrophomonas_maltophila/mashclust/logs/5-finalize.log
    jobid: 1
    reason: Missing output files: /mnt/HDD12TB/pathogen_reruns/stenotrophomonas_maltophila/mashclust/results/selected_accessions.txt; Input files updated by another job: /mnt/HDD12TB/pathogen_reruns/stenotrophomonas_maltophila/mashclust/1-sketch/non_targets.txt, /mnt/HDD12TB/pathogen_reruns/stenotrophomonas_maltophila/mashclust/3-cluster/representatives.txt
    resources: tmpdir=/tmp

[Wed Feb 25 11:35:29 2026]
localrule visualize_results:
    input: /mnt/HDD12TB/pathogen_reruns/stenotrophomonas_maltophila/mashclust/3-cluster/clustering_data.json
    output: /mnt/HDD12TB/pathogen_reruns/stenotrophomonas_maltophila/mashclust/4-visualize/cluster_distribution.html
    log: /mnt/HDD12TB/pathogen_reruns/stenotrophomonas_maltophila/mashclust/logs/4-visualize.log
    jobid: 6
    reason: Missing output files: /mnt/HDD12TB/pathogen_reruns/stenotrophomonas_maltophila/mashclust/4-visualize/cluster_distribution.html; Input files updated by another job: /mnt/HDD12TB/pathogen_reruns/stenotrophomonas_maltophila/mashclust/3-cluster/clustering_data.json
    resources: tmpdir=/tmp

[Wed Feb 25 11:35:35 2026]
Finished jobid: 6 (Rule: visualize_results)
5 of 7 steps (71%) done
[Wed Feb 25 11:58:17 2026]
Finished jobid: 1 (Rule: finalize_results)
6 of 7 steps (86%) done
Select jobs to execute...
Execute 1 jobs...
[Wed Feb 25 11:58:17 2026]
localrule all:
    input: /mnt/HDD12TB/pathogen_reruns/stenotrophomonas_maltophila/mashclust/results/selected_accessions.txt, /mnt/HDD12TB/pathogen_reruns/stenotrophomonas_maltophila/mashclust/4-visualize/cluster_distribution.html
    jobid: 0
    reason: Input files updated by another job: /mnt/HDD12TB/pathogen_reruns/stenotrophomonas_maltophila/mashclust/4-visualize/cluster_distribution.html, /mnt/HDD12TB/pathogen_reruns/stenotrophomonas_maltophila/mashclust/results/selected_accessions.txt
    resources: tmpdir=/tmp

[Wed Feb 25 11:58:17 2026]
Finished jobid: 0 (Rule: all)
7 of 7 steps (100%) done
Complete log(s): /home/sandb6/scripts/MashClust/.snakemake/log/2026-02-25T111015.616440.snakemake.log
