Assuming unrestricted shared filesystem usage.
None
host: sandb6-ThinkStation-P8
Building DAG of jobs...
Using shell: /usr/bin/bash
Provided cores: 28
Rules claiming more threads will be scaled down.
Job stats:
job                    count
-------------------  -------
all                        1
calculate_distances        1
cluster_genomes            1
download_genomes           1
finalize_results           1
sketch_and_filter          1
visualize_results          1
total                      7

Select jobs to execute...
Execute 1 jobs...
[Fri Jan 23 12:27:09 2026]
localrule download_genomes:
    input: /mnt/HDD12TB/pathogen_reruns/staphylococcus_aureus/pipeline1/accessions.txt
    output: /mnt/HDD12TB/pathogen_reruns/staphylococcus_aureus/mashclust/0-download/genomes, /mnt/HDD12TB/pathogen_reruns/staphylococcus_aureus/mashclust/0-download/genome_list.txt
    log: /mnt/HDD12TB/pathogen_reruns/staphylococcus_aureus/mashclust/logs/0-download.log
    jobid: 3
    reason: Missing output files: /mnt/HDD12TB/pathogen_reruns/staphylococcus_aureus/mashclust/0-download/genomes
    resources: tmpdir=/tmp

[Fri Jan 23 18:03:06 2026]
Finished jobid: 3 (Rule: download_genomes)
1 of 7 steps (14%) done
Select jobs to execute...
Execute 1 jobs...
[Fri Jan 23 18:03:06 2026]
localrule sketch_and_filter:
    input: /mnt/HDD12TB/pathogen_reruns/staphylococcus_aureus/mashclust/0-download/genomes
    output: /mnt/HDD12TB/pathogen_reruns/staphylococcus_aureus/mashclust/1-sketch/genomes_sketch.msh, /mnt/HDD12TB/pathogen_reruns/staphylococcus_aureus/mashclust/1-sketch/targets.txt, /mnt/HDD12TB/pathogen_reruns/staphylococcus_aureus/mashclust/1-sketch/non_targets.txt
    log: /mnt/HDD12TB/pathogen_reruns/staphylococcus_aureus/mashclust/logs/1-sketch.log
    jobid: 2
    reason: Missing output files: /mnt/HDD12TB/pathogen_reruns/staphylococcus_aureus/mashclust/1-sketch/non_targets.txt, /mnt/HDD12TB/pathogen_reruns/staphylococcus_aureus/mashclust/1-sketch/genomes_sketch.msh; Input files updated by another job: /mnt/HDD12TB/pathogen_reruns/staphylococcus_aureus/mashclust/0-download/genomes
    threads: 28
    resources: tmpdir=/tmp

[Fri Jan 23 20:22:52 2026]
Finished jobid: 2 (Rule: sketch_and_filter)
2 of 7 steps (29%) done
Select jobs to execute...
Execute 1 jobs...
[Fri Jan 23 20:22:52 2026]
localrule calculate_distances:
    input: /mnt/HDD12TB/pathogen_reruns/staphylococcus_aureus/mashclust/1-sketch/genomes_sketch.msh
    output: /mnt/HDD12TB/pathogen_reruns/staphylococcus_aureus/mashclust/2-distances/distances.txt
    log: /mnt/HDD12TB/pathogen_reruns/staphylococcus_aureus/mashclust/logs/2-distances.log
    jobid: 5
    reason: Missing output files: /mnt/HDD12TB/pathogen_reruns/staphylococcus_aureus/mashclust/2-distances/distances.txt; Input files updated by another job: /mnt/HDD12TB/pathogen_reruns/staphylococcus_aureus/mashclust/1-sketch/genomes_sketch.msh
    threads: 28
    resources: tmpdir=/tmp

