Assuming unrestricted shared filesystem usage.
None
host: sandb6-ThinkStation-P8
Building DAG of jobs...
Using shell: /usr/bin/bash
Provided cores: 30
Rules claiming more threads will be scaled down.
Job stats:
job                    count
-------------------  -------
all                        1
calculate_distances        1
cluster_genomes            1
download_genomes           1
finalize_results           1
sketch_and_filter          1
visualize_results          1
total                      7

Select jobs to execute...
Execute 1 jobs...
[Tue Jan 20 11:34:46 2026]
localrule download_genomes:
    input: /mnt/HDD12TB/pathogen_reruns/streptococcus_agalactiae/pipeline1/accessions.txt
    output: /mnt/HDD12TB/pathogen_reruns/streptococcus_agalactiae/mashclust/0-download/genomes, /mnt/HDD12TB/pathogen_reruns/streptococcus_agalactiae/mashclust/0-download/genome_list.txt
    log: /mnt/HDD12TB/pathogen_reruns/streptococcus_agalactiae/mashclust/logs/0-download.log
    jobid: 3
    reason: Missing output files: /mnt/HDD12TB/pathogen_reruns/streptococcus_agalactiae/mashclust/0-download/genomes; Code has changed since last execution; Params have changed since last execution: Union of exclusive params before and now across all output: before: <nothing exclusive> now: 60,'--api-key b2f3f763bad4e52d0017cfb04f1363145d08',5,25 
    resources: tmpdir=/tmp

RuleException:
CalledProcessError in file "/home/sandb6/scripts/MashClust/Snakefile", line 51:
Command 'set -euo pipefail;  
        python3 scripts/0-mashclust-download.py             /mnt/HDD12TB/pathogen_reruns/streptococcus_agalactiae/pipeline1/accessions.txt             -o /mnt/HDD12TB/pathogen_reruns/streptococcus_agalactiae/mashclust/0-download                          --batch-size 25             --delay 60             --max-retries 5             --api-key b2f3f763bad4e52d0017cfb04f1363145d08 2>&1 | tee /mnt/HDD12TB/pathogen_reruns/streptococcus_agalactiae/mashclust/logs/0-download.log' returned non-zero exit status 2.
[Tue Jan 20 11:34:46 2026]
Error in rule download_genomes:
    message: None
    jobid: 3
    input: /mnt/HDD12TB/pathogen_reruns/streptococcus_agalactiae/pipeline1/accessions.txt
    output: /mnt/HDD12TB/pathogen_reruns/streptococcus_agalactiae/mashclust/0-download/genomes, /mnt/HDD12TB/pathogen_reruns/streptococcus_agalactiae/mashclust/0-download/genome_list.txt
    log: /mnt/HDD12TB/pathogen_reruns/streptococcus_agalactiae/mashclust/logs/0-download.log (check log file(s) for error details)
    shell:
        
        python3 scripts/0-mashclust-download.py             /mnt/HDD12TB/pathogen_reruns/streptococcus_agalactiae/pipeline1/accessions.txt             -o /mnt/HDD12TB/pathogen_reruns/streptococcus_agalactiae/mashclust/0-download                          --batch-size 25             --delay 60             --max-retries 5             --api-key b2f3f763bad4e52d0017cfb04f1363145d08 2>&1 | tee /mnt/HDD12TB/pathogen_reruns/streptococcus_agalactiae/mashclust/logs/0-download.log
        
        (command exited with non-zero exit code)
Shutting down, this might take some time.
Exiting because a job execution failed. Look below for error messages
[Tue Jan 20 11:34:46 2026]
Error in rule download_genomes:
    message: None
    jobid: 3
    input: /mnt/HDD12TB/pathogen_reruns/streptococcus_agalactiae/pipeline1/accessions.txt
    output: /mnt/HDD12TB/pathogen_reruns/streptococcus_agalactiae/mashclust/0-download/genomes, /mnt/HDD12TB/pathogen_reruns/streptococcus_agalactiae/mashclust/0-download/genome_list.txt
    log: /mnt/HDD12TB/pathogen_reruns/streptococcus_agalactiae/mashclust/logs/0-download.log (check log file(s) for error details)
    shell:
        
        python3 scripts/0-mashclust-download.py             /mnt/HDD12TB/pathogen_reruns/streptococcus_agalactiae/pipeline1/accessions.txt             -o /mnt/HDD12TB/pathogen_reruns/streptococcus_agalactiae/mashclust/0-download                          --batch-size 25             --delay 60             --max-retries 5             --api-key b2f3f763bad4e52d0017cfb04f1363145d08 2>&1 | tee /mnt/HDD12TB/pathogen_reruns/streptococcus_agalactiae/mashclust/logs/0-download.log
        
        (command exited with non-zero exit code)
Complete log(s): /home/sandb6/scripts/MashClust/.snakemake/log/2026-01-20T113446.326356.snakemake.log
WorkflowError:
At least one job did not complete successfully.
